 
****************************************
Report : area
Design : parallel_mlp
Version: J-2014.09
Date   : Mon Dec 23 12:39:27 2019
****************************************

Library(s) Used:

    tcbn90gtc (File: /afs/ict.kth.se/pkg/synopsys/extra_libraries/standard_cell/TSMC/tcbn90g_110a/Front_End/timing_power/tcbn90g_110a/tcbn90gtc.db)

Number of ports:                          171
Number of nets:                          3325
Number of cells:                         3023
Number of combinational cells:            433
Number of sequential cells:              2560
Number of macros/black boxes:               0
Number of buf/inv:                        432
Number of references:                      37

Combinational area:             467593.462012
Buf/Inv area:                     9013.939199
Noncombinational area:           49416.190796
Macro/Black Box area:                0.000000
Net Interconnect area:      undefined  (Wire load has zero net area)

Total cell area:                517009.652808
Total area:                 undefined
1
