 
****************************************
Report : area
Design : parallel_mlp
Version: J-2014.09
Date   : Mon Dec 23 12:05:43 2019
****************************************

Library(s) Used:

    tcbn90gtc (File: /afs/ict.kth.se/pkg/synopsys/extra_libraries/standard_cell/TSMC/tcbn90g_110a/Front_End/timing_power/tcbn90g_110a/tcbn90gtc.db)

Number of ports:                           59
Number of nets:                           388
Number of cells:                          289
Number of combinational cells:             16
Number of sequential cells:               264
Number of macros/black boxes:               0
Number of buf/inv:                         15
Number of references:                      15

Combinational area:              42652.109058
Buf/Inv area:                      769.305600
Noncombinational area:            5070.643066
Macro/Black Box area:                0.000000
Net Interconnect area:      undefined  (Wire load has zero net area)

Total cell area:                 47722.752124
Total area:                 undefined
1
