 
****************************************
Report : area
Design : parallel_mlp
Version: J-2014.09
Date   : Sat Dec 21 18:25:30 2019
****************************************

Library(s) Used:

    tcbn90gtc (File: /afs/ict.kth.se/pkg/synopsys/extra_libraries/standard_cell/TSMC/tcbn90g_110a/Front_End/timing_power/tcbn90g_110a/tcbn90gtc.db)

Number of ports:                          227
Number of nets:                          2510
Number of cells:                         1913
Number of combinational cells:            266
Number of sequential cells:              1632
Number of macros/black boxes:               0
Number of buf/inv:                        265
Number of references:                      24

Combinational area:             717133.945295
Buf/Inv area:                    39044.274646
Noncombinational area:           33126.105434
Macro/Black Box area:                0.000000
Net Interconnect area:      undefined  (Wire load has zero net area)

Total cell area:                750260.050729
Total area:                 undefined
1
