Loading db file '/afs/ict.kth.se/pkg/synopsys/extra_libraries/standard_cell/TSMC/tcbn90g_110a/Front_End/timing_power/tcbn90g_110a/tcbn90gtc.db'
Information: Propagating switching activity (low effort zero delay simulation). (PWR-6)
Warning: Design has unannotated primary inputs. (PWR-414)
Warning: Design has unannotated sequential cell outputs. (PWR-415)
 
****************************************
Report : power
        -analysis_effort low
Design : parallel_mlp
Version: J-2014.09
Date   : Sat Dec 21 17:51:50 2019
****************************************


Library(s) Used:

    tcbn90gtc (File: /afs/ict.kth.se/pkg/synopsys/extra_libraries/standard_cell/TSMC/tcbn90g_110a/Front_End/timing_power/tcbn90g_110a/tcbn90gtc.db)


Operating Conditions: NCCOM   Library: tcbn90gtc
Wire Load Model Mode: top

Design        Wire Load Model            Library
------------------------------------------------
parallel_mlp           TSMC64K_Lowk_Conservative
                                         tcbn90gtc


Global Operating Voltage = 1    
Power-specific unit information :
    Voltage Units = 1V
    Capacitance Units = 1.000000pf
    Time Units = 1ns
    Dynamic Power Units = 1mW    (derived from V,C,T units)
    Leakage Power Units = 1nW


  Cell Internal Power  = 465.4703 uW   (80%)
  Net Switching Power  = 116.8046 uW   (20%)
                         ---------
Total Dynamic Power    = 582.2750 uW  (100%)

Cell Leakage Power     = 676.1187 uW


                 Internal         Switching           Leakage            Total
Power Group      Power            Power               Power              Power   (   %    )  Attrs
--------------------------------------------------------------------------------------------------
io_pad             0.0000            0.0000            0.0000            0.0000  (   0.00%)
memory             0.0000            0.0000            0.0000            0.0000  (   0.00%)
black_box          0.0000            0.0000            0.0000            0.0000  (   0.00%)
clock_network      0.0000            0.0000            0.0000            0.0000  (   0.00%)
register           0.2077        2.4511e-03        2.5711e+04            0.2358  (  18.74%)
sequential         0.0000            0.0000            0.0000            0.0000  (   0.00%)
combinational      0.2578            0.1144        6.5041e+05            1.0226  (  81.26%)
--------------------------------------------------------------------------------------------------
Total              0.4655 mW         0.1168 mW     6.7612e+05 nW         1.2584 mW
1
