Loading db file '/afs/ict.kth.se/pkg/synopsys/extra_libraries/standard_cell/TSMC/tcbn90g_110a/Front_End/timing_power/tcbn90g_110a/tcbn90gtc.db'
Information: Propagating switching activity (low effort zero delay simulation). (PWR-6)
Warning: Design has unannotated primary inputs. (PWR-414)
Warning: Design has unannotated sequential cell outputs. (PWR-415)
 
****************************************
Report : power
        -analysis_effort low
Design : parallel_mlp
Version: J-2014.09
Date   : Sat Dec 21 17:02:43 2019
****************************************


Library(s) Used:

    tcbn90gtc (File: /afs/ict.kth.se/pkg/synopsys/extra_libraries/standard_cell/TSMC/tcbn90g_110a/Front_End/timing_power/tcbn90g_110a/tcbn90gtc.db)


Operating Conditions: NCCOM   Library: tcbn90gtc
Wire Load Model Mode: top

Design        Wire Load Model            Library
------------------------------------------------
parallel_mlp           TSMC16K_Lowk_Conservative
                                         tcbn90gtc


Global Operating Voltage = 1    
Power-specific unit information :
    Voltage Units = 1V
    Capacitance Units = 1.000000pf
    Time Units = 1ns
    Dynamic Power Units = 1mW    (derived from V,C,T units)
    Leakage Power Units = 1nW


  Cell Internal Power  = 477.9508 uW   (83%)
  Net Switching Power  =  96.2808 uW   (17%)
                         ---------
Total Dynamic Power    = 574.2316 uW  (100%)

Cell Leakage Power     = 145.1997 uW


                 Internal         Switching           Leakage            Total
Power Group      Power            Power               Power              Power   (   %    )  Attrs
--------------------------------------------------------------------------------------------------
io_pad             0.0000            0.0000            0.0000            0.0000  (   0.00%)
memory             0.0000            0.0000            0.0000            0.0000  (   0.00%)
black_box          0.0000            0.0000            0.0000            0.0000  (   0.00%)
clock_network      0.0000            0.0000            0.0000            0.0000  (   0.00%)
register           0.2174        1.5326e-03        8.5053e+03            0.2274  (  31.61%)
sequential     2.1554e-04        1.1721e-04          255.6689        5.8842e-04  (   0.08%)
combinational      0.2603        9.4631e-02        1.3644e+05            0.4914  (  68.30%)
--------------------------------------------------------------------------------------------------
Total              0.4780 mW     9.6281e-02 mW     1.4520e+05 nW         0.7194 mW
1
