 
****************************************
Report : cell
Design : parallel_mlp
Version: J-2014.09
Date   : Sun Dec 22 15:50:09 2019
****************************************

Attributes:
    b - black box (unknown)
    h - hierarchical
    n - noncombinational
    p - parameterized
    r - removable
    u - contains unmapped logic

Cell                      Reference       Library             Area  Attributes
--------------------------------------------------------------------------------
U6                        BUFFD0          tcbn90gtc       2.419200  
U7                        BUFFD0          tcbn90gtc       2.419200  
U8                        BUFFD0          tcbn90gtc       2.419200  
U9                        BUFFD0          tcbn90gtc       2.419200  
U10                       BUFFD0          tcbn90gtc       2.419200  
U11                       BUFFD0          tcbn90gtc       2.419200  
U12                       BUFFD0          tcbn90gtc       2.419200  
U13                       BUFFD0          tcbn90gtc       2.419200  
U14                       BUFFD0          tcbn90gtc       2.419200  
U15                       BUFFD0          tcbn90gtc       2.419200  
U16                       BUFFD0          tcbn90gtc       2.419200  
U17                       BUFFD0          tcbn90gtc       2.419200  
U18                       BUFFD0          tcbn90gtc       2.419200  
U19                       BUFFD0          tcbn90gtc       2.419200  
U20                       BUFFD0          tcbn90gtc       2.419200  
U21                       BUFFD0          tcbn90gtc       2.419200  
U22                       BUFFD0          tcbn90gtc       2.419200  
U23                       BUFFD0          tcbn90gtc       2.419200  
U24                       BUFFD0          tcbn90gtc       2.419200  
U25                       BUFFD0          tcbn90gtc       2.419200  
U26                       BUFFD0          tcbn90gtc       2.419200  
U27                       BUFFD0          tcbn90gtc       2.419200  
U28                       BUFFD0          tcbn90gtc       2.419200  
U29                       BUFFD0          tcbn90gtc       2.419200  
U30                       BUFFD0          tcbn90gtc       2.419200  
U31                       BUFFD0          tcbn90gtc       2.419200  
U32                       BUFFD0          tcbn90gtc       2.419200  
U33                       BUFFD0          tcbn90gtc       2.419200  
U34                       BUFFD0          tcbn90gtc       2.419200  
U35                       BUFFD0          tcbn90gtc       2.419200  
U36                       BUFFD0          tcbn90gtc       2.419200  
U37                       BUFFD0          tcbn90gtc       2.419200  
U38                       BUFFD0          tcbn90gtc       2.419200  
U39                       BUFFD0          tcbn90gtc       2.419200  
U40                       BUFFD1          tcbn90gtc       3.225600  
U41                       BUFFD1          tcbn90gtc       3.225600  
U42                       BUFFD1          tcbn90gtc       3.225600  
U43                       BUFFD1          tcbn90gtc       3.225600  
U44                       BUFFD1          tcbn90gtc       3.225600  
U45                       BUFFD1          tcbn90gtc       3.225600  
U46                       BUFFD1          tcbn90gtc       3.225600  
U47                       BUFFD1          tcbn90gtc       3.225600  
U48                       BUFFD1          tcbn90gtc       3.225600  
U49                       BUFFD1          tcbn90gtc       3.225600  
U50                       BUFFD1          tcbn90gtc       3.225600  
U51                       BUFFD1          tcbn90gtc       3.225600  
U52                       BUFFD1          tcbn90gtc       3.225600  
U53                       BUFFD1          tcbn90gtc       3.225600  
U54                       BUFFD1          tcbn90gtc       3.225600  
U55                       BUFFD1          tcbn90gtc       3.225600  
U56                       BUFFD1          tcbn90gtc       3.225600  
U57                       BUFFD1          tcbn90gtc       3.225600  
U58                       BUFFD1          tcbn90gtc       3.225600  
U59                       BUFFD1          tcbn90gtc       3.225600  
U60                       BUFFD1          tcbn90gtc       3.225600  
U61                       BUFFD1          tcbn90gtc       3.225600  
U62                       BUFFD1          tcbn90gtc       3.225600  
U63                       BUFFD1          tcbn90gtc       3.225600  
U64                       BUFFD1          tcbn90gtc       3.225600  
U65                       BUFFD1          tcbn90gtc       3.225600  
U66                       BUFFD1          tcbn90gtc       3.225600  
U67                       BUFFD1          tcbn90gtc       3.225600  
U68                       BUFFD1          tcbn90gtc       3.225600  
U69                       BUFFD1          tcbn90gtc       3.225600  
U70                       BUFFD1          tcbn90gtc       3.225600  
U71                       BUFFD1          tcbn90gtc       3.225600  
U72                       BUFFD1          tcbn90gtc       3.225600  
U73                       BUFFD1          tcbn90gtc       3.225600  
U74                       BUFFD1          tcbn90gtc       3.225600  
U75                       BUFFD1          tcbn90gtc       3.225600  
U76                       BUFFD1          tcbn90gtc       3.225600  
U77                       BUFFD1          tcbn90gtc       3.225600  
U78                       BUFFD1          tcbn90gtc       3.225600  
U79                       BUFFD1          tcbn90gtc       3.225600  
U80                       BUFFD1          tcbn90gtc       3.225600  
U81                       BUFFD1          tcbn90gtc       3.225600  
U82                       BUFFD1          tcbn90gtc       3.225600  
U83                       BUFFD1          tcbn90gtc       3.225600  
U84                       BUFFD1          tcbn90gtc       3.225600  
U85                       BUFFD0          tcbn90gtc       2.419200  
U86                       INVD1           tcbn90gtc       1.612800  
U87                       BUFFD0          tcbn90gtc       2.419200  
U88                       BUFFD0          tcbn90gtc       2.419200  
U89                       BUFFD0          tcbn90gtc       2.419200  
U90                       AN2D2           tcbn90gtc       4.838400  
U91                       BUFFD0          tcbn90gtc       2.419200  
U92                       BUFFD0          tcbn90gtc       2.419200  
U93                       BUFFD0          tcbn90gtc       2.419200  
U94                       BUFFD0          tcbn90gtc       2.419200  
U95                       BUFFD0          tcbn90gtc       2.419200  
first_layer_0             parallel_mac_3_8_0              4716.633628
                                                                    h, p
first_layer_1             parallel_mac_3_8_29             4716.633628
                                                                    h, p
first_layer_2             parallel_mac_3_8_28             4716.633628
                                                                    h, p
input_int_reg[0][0]       EDFQD1          tcbn90gtc       18.547199 n
input_int_reg[0][1]       EDFQD1          tcbn90gtc       18.547199 n
input_int_reg[0][2]       EDFQD1          tcbn90gtc       18.547199 n
input_int_reg[0][3]       EDFQD1          tcbn90gtc       18.547199 n
input_int_reg[0][4]       EDFQD1          tcbn90gtc       18.547199 n
input_int_reg[0][5]       EDFQD1          tcbn90gtc       18.547199 n
input_int_reg[0][6]       EDFQD1          tcbn90gtc       18.547199 n
input_int_reg[0][7]       EDFQD1          tcbn90gtc       18.547199 n
input_int_reg[1][0]       EDFQD1          tcbn90gtc       18.547199 n
input_int_reg[1][1]       EDFQD1          tcbn90gtc       18.547199 n
input_int_reg[1][2]       EDFQD1          tcbn90gtc       18.547199 n
input_int_reg[1][3]       EDFQD1          tcbn90gtc       18.547199 n
input_int_reg[1][4]       EDFQD1          tcbn90gtc       18.547199 n
input_int_reg[1][5]       EDFQD1          tcbn90gtc       18.547199 n
input_int_reg[1][6]       EDFQD1          tcbn90gtc       18.547199 n
input_int_reg[1][7]       EDFQD1          tcbn90gtc       18.547199 n
input_int_reg[2][0]       EDFQD1          tcbn90gtc       18.547199 n
input_int_reg[2][1]       EDFQD1          tcbn90gtc       18.547199 n
input_int_reg[2][2]       EDFQD1          tcbn90gtc       18.547199 n
input_int_reg[2][3]       EDFQD1          tcbn90gtc       18.547199 n
input_int_reg[2][4]       EDFQD1          tcbn90gtc       18.547199 n
input_int_reg[2][5]       EDFQD1          tcbn90gtc       18.547199 n
input_int_reg[2][6]       EDFQD1          tcbn90gtc       18.547199 n
input_int_reg[2][7]       EDFQD1          tcbn90gtc       18.547199 n
neuron_0_0                parallel_mac_3_8_27             4716.633628
                                                                    h, p
neuron_0_1                parallel_mac_3_8_26             4716.633628
                                                                    h, p
neuron_0_2                parallel_mac_3_8_25             4716.633628
                                                                    h, p
neuron_1_0                parallel_mac_3_8_24             4716.633628
                                                                    h, p
neuron_1_1                parallel_mac_3_8_23             4716.633628
                                                                    h, p
neuron_1_2                parallel_mac_3_8_22             4716.633628
                                                                    h, p
neuron_2_0                parallel_mac_3_8_21             4716.633628
                                                                    h, p
neuron_2_1                parallel_mac_3_8_20             4716.633628
                                                                    h, p
neuron_2_2                parallel_mac_3_8_19             4716.633628
                                                                    h, p
neuron_3_0                parallel_mac_3_8_18             4716.633628
                                                                    h, p
neuron_3_1                parallel_mac_3_8_17             4716.633628
                                                                    h, p
neuron_3_2                parallel_mac_3_8_16             4716.633628
                                                                    h, p
neuron_4_0                parallel_mac_3_8_15             4716.633628
                                                                    h, p
neuron_4_1                parallel_mac_3_8_14             4716.633628
                                                                    h, p
neuron_4_2                parallel_mac_3_8_13             4716.633628
                                                                    h, p
neuron_5_0                parallel_mac_3_8_12             4716.633628
                                                                    h, p
neuron_5_1                parallel_mac_3_8_11             4716.633628
                                                                    h, p
neuron_5_2                parallel_mac_3_8_10             4716.633628
                                                                    h, p
neuron_6_0                parallel_mac_3_8_9              4716.633628
                                                                    h, p
neuron_6_1                parallel_mac_3_8_8              4716.633628
                                                                    h, p
neuron_6_2                parallel_mac_3_8_7              4716.633628
                                                                    h, p
neuron_7_0                parallel_mac_3_8_6              4716.633628
                                                                    h, p
neuron_7_1                parallel_mac_3_8_5              4716.633628
                                                                    h, p
neuron_7_2                parallel_mac_3_8_4              4716.633628
                                                                    h, p
neuron_8_0                parallel_mac_3_8_3              4716.633628
                                                                    h, p
neuron_8_1                parallel_mac_3_8_2              4716.633628
                                                                    h, p
neuron_8_2                parallel_mac_3_8_1              4716.633628
                                                                    h, p
output_reg[0][0]          EDFQD1          tcbn90gtc       18.547199 n
output_reg[0][1]          EDFQD1          tcbn90gtc       18.547199 n
output_reg[0][2]          EDFQD1          tcbn90gtc       18.547199 n
output_reg[0][3]          EDFQD1          tcbn90gtc       18.547199 n
output_reg[0][4]          EDFQD1          tcbn90gtc       18.547199 n
output_reg[0][5]          EDFQD1          tcbn90gtc       18.547199 n
output_reg[0][6]          EDFQD1          tcbn90gtc       18.547199 n
output_reg[0][7]          EDFQD1          tcbn90gtc       18.547199 n
output_reg[1][0]          EDFQD1          tcbn90gtc       18.547199 n
output_reg[1][1]          EDFQD1          tcbn90gtc       18.547199 n
output_reg[1][2]          EDFQD1          tcbn90gtc       18.547199 n
output_reg[1][3]          EDFQD1          tcbn90gtc       18.547199 n
output_reg[1][4]          EDFQD1          tcbn90gtc       18.547199 n
output_reg[1][5]          EDFQD1          tcbn90gtc       18.547199 n
output_reg[1][6]          EDFQD1          tcbn90gtc       18.547199 n
output_reg[1][7]          EDFQD1          tcbn90gtc       18.547199 n
output_reg[2][0]          EDFQD1          tcbn90gtc       18.547199 n
output_reg[2][1]          EDFQD1          tcbn90gtc       18.547199 n
output_reg[2][2]          EDFQD1          tcbn90gtc       18.547199 n
output_reg[2][3]          EDFQD1          tcbn90gtc       18.547199 n
output_reg[2][4]          EDFQD1          tcbn90gtc       18.547199 n
output_reg[2][5]          EDFQD1          tcbn90gtc       18.547199 n
output_reg[2][6]          EDFQD1          tcbn90gtc       18.547199 n
output_reg[2][7]          EDFQD1          tcbn90gtc       18.547199 n
weight_memory_reg[0][0][0][0]
                          EDFKCND1        tcbn90gtc       19.353600 n
weight_memory_reg[0][0][0][1]
                          EDFKCND1        tcbn90gtc       19.353600 n
weight_memory_reg[0][0][0][2]
                          EDFKCND1        tcbn90gtc       19.353600 n
weight_memory_reg[0][0][0][3]
                          EDFKCND1        tcbn90gtc       19.353600 n
weight_memory_reg[0][0][0][4]
                          EDFKCND1        tcbn90gtc       19.353600 n
weight_memory_reg[0][0][0][5]
                          EDFKCND1        tcbn90gtc       19.353600 n
weight_memory_reg[0][0][0][6]
                          EDFKCND1        tcbn90gtc       19.353600 n
weight_memory_reg[0][0][0][7]
                          EDFKCND1        tcbn90gtc       19.353600 n
weight_memory_reg[0][0][1][0]
                          EDFKCND1        tcbn90gtc       19.353600 n
weight_memory_reg[0][0][1][1]
                          EDFKCND1        tcbn90gtc       19.353600 n
weight_memory_reg[0][0][1][2]
                          EDFKCND1        tcbn90gtc       19.353600 n
weight_memory_reg[0][0][1][3]
                          EDFKCND1        tcbn90gtc       19.353600 n
weight_memory_reg[0][0][1][4]
                          EDFKCND1        tcbn90gtc       19.353600 n
weight_memory_reg[0][0][1][5]
                          EDFKCND1        tcbn90gtc       19.353600 n
weight_memory_reg[0][0][1][6]
                          EDFKCND1        tcbn90gtc       19.353600 n
weight_memory_reg[0][0][1][7]
                          EDFKCND1        tcbn90gtc       19.353600 n
weight_memory_reg[0][0][2][0]
                          EDFKCND1        tcbn90gtc       19.353600 n
weight_memory_reg[0][0][2][1]
                          EDFKCND1        tcbn90gtc       19.353600 n
weight_memory_reg[0][0][2][2]
                          EDFKCND1        tcbn90gtc       19.353600 n
weight_memory_reg[0][0][2][3]
                          EDFKCND1        tcbn90gtc       19.353600 n
weight_memory_reg[0][0][2][4]
                          EDFKCND1        tcbn90gtc       19.353600 n
weight_memory_reg[0][0][2][5]
                          EDFKCND1        tcbn90gtc       19.353600 n
weight_memory_reg[0][0][2][6]
                          EDFKCND1        tcbn90gtc       19.353600 n
weight_memory_reg[0][0][2][7]
                          EDFKCND1        tcbn90gtc       19.353600 n
weight_memory_reg[0][1][0][0]
                          EDFKCND1        tcbn90gtc       19.353600 n
weight_memory_reg[0][1][0][1]
                          EDFKCND1        tcbn90gtc       19.353600 n
weight_memory_reg[0][1][0][2]
                          EDFKCND1        tcbn90gtc       19.353600 n
weight_memory_reg[0][1][0][3]
                          EDFKCND1        tcbn90gtc       19.353600 n
weight_memory_reg[0][1][0][4]
                          EDFKCND1        tcbn90gtc       19.353600 n
weight_memory_reg[0][1][0][5]
                          EDFKCND1        tcbn90gtc       19.353600 n
weight_memory_reg[0][1][0][6]
                          EDFKCND1        tcbn90gtc       19.353600 n
weight_memory_reg[0][1][0][7]
                          EDFKCND1        tcbn90gtc       19.353600 n
weight_memory_reg[0][1][1][0]
                          EDFKCND1        tcbn90gtc       19.353600 n
weight_memory_reg[0][1][1][1]
                          EDFKCND1        tcbn90gtc       19.353600 n
weight_memory_reg[0][1][1][2]
                          EDFKCND1        tcbn90gtc       19.353600 n
weight_memory_reg[0][1][1][3]
                          EDFKCND1        tcbn90gtc       19.353600 n
weight_memory_reg[0][1][1][4]
                          EDFKCND1        tcbn90gtc       19.353600 n
weight_memory_reg[0][1][1][5]
                          EDFKCND1        tcbn90gtc       19.353600 n
weight_memory_reg[0][1][1][6]
                          EDFKCND1        tcbn90gtc       19.353600 n
weight_memory_reg[0][1][1][7]
                          EDFKCND1        tcbn90gtc       19.353600 n
weight_memory_reg[0][1][2][0]
                          EDFKCND1        tcbn90gtc       19.353600 n
weight_memory_reg[0][1][2][1]
                          EDFKCND1        tcbn90gtc       19.353600 n
weight_memory_reg[0][1][2][2]
                          EDFKCND1        tcbn90gtc       19.353600 n
weight_memory_reg[0][1][2][3]
                          EDFKCND1        tcbn90gtc       19.353600 n
weight_memory_reg[0][1][2][4]
                          EDFKCND1        tcbn90gtc       19.353600 n
weight_memory_reg[0][1][2][5]
                          EDFKCND1        tcbn90gtc       19.353600 n
weight_memory_reg[0][1][2][6]
                          EDFKCND1        tcbn90gtc       19.353600 n
weight_memory_reg[0][1][2][7]
                          EDFKCND1        tcbn90gtc       19.353600 n
weight_memory_reg[0][2][0][0]
                          EDFKCND1        tcbn90gtc       19.353600 n
weight_memory_reg[0][2][0][1]
                          EDFKCND1        tcbn90gtc       19.353600 n
weight_memory_reg[0][2][0][2]
                          EDFKCND1        tcbn90gtc       19.353600 n
weight_memory_reg[0][2][0][3]
                          EDFKCND1        tcbn90gtc       19.353600 n
weight_memory_reg[0][2][0][4]
                          EDFKCND1        tcbn90gtc       19.353600 n
weight_memory_reg[0][2][0][5]
                          EDFKCND1        tcbn90gtc       19.353600 n
weight_memory_reg[0][2][0][6]
                          EDFKCND1        tcbn90gtc       19.353600 n
weight_memory_reg[0][2][0][7]
                          EDFKCND1        tcbn90gtc       19.353600 n
weight_memory_reg[0][2][1][0]
                          EDFKCND1        tcbn90gtc       19.353600 n
weight_memory_reg[0][2][1][1]
                          EDFKCND1        tcbn90gtc       19.353600 n
weight_memory_reg[0][2][1][2]
                          EDFKCND1        tcbn90gtc       19.353600 n
weight_memory_reg[0][2][1][3]
                          EDFKCND1        tcbn90gtc       19.353600 n
weight_memory_reg[0][2][1][4]
                          EDFKCND1        tcbn90gtc       19.353600 n
weight_memory_reg[0][2][1][5]
                          EDFKCND1        tcbn90gtc       19.353600 n
weight_memory_reg[0][2][1][6]
                          EDFKCND1        tcbn90gtc       19.353600 n
weight_memory_reg[0][2][1][7]
                          EDFKCND1        tcbn90gtc       19.353600 n
weight_memory_reg[0][2][2][0]
                          EDFKCND1        tcbn90gtc       19.353600 n
weight_memory_reg[0][2][2][1]
                          EDFKCND1        tcbn90gtc       19.353600 n
weight_memory_reg[0][2][2][2]
                          EDFKCND1        tcbn90gtc       19.353600 n
weight_memory_reg[0][2][2][3]
                          EDFKCND1        tcbn90gtc       19.353600 n
weight_memory_reg[0][2][2][4]
                          EDFKCND1        tcbn90gtc       19.353600 n
weight_memory_reg[0][2][2][5]
                          EDFKCND1        tcbn90gtc       19.353600 n
weight_memory_reg[0][2][2][6]
                          EDFKCND1        tcbn90gtc       19.353600 n
weight_memory_reg[0][2][2][7]
                          EDFKCND1        tcbn90gtc       19.353600 n
weight_memory_reg[1][0][0][0]
                          EDFKCND1        tcbn90gtc       19.353600 n
weight_memory_reg[1][0][0][1]
                          EDFKCND1        tcbn90gtc       19.353600 n
weight_memory_reg[1][0][0][2]
                          EDFKCND1        tcbn90gtc       19.353600 n
weight_memory_reg[1][0][0][3]
                          EDFKCND1        tcbn90gtc       19.353600 n
weight_memory_reg[1][0][0][4]
                          EDFKCND1        tcbn90gtc       19.353600 n
weight_memory_reg[1][0][0][5]
                          EDFKCND1        tcbn90gtc       19.353600 n
weight_memory_reg[1][0][0][6]
                          EDFKCND1        tcbn90gtc       19.353600 n
weight_memory_reg[1][0][0][7]
                          EDFKCND1        tcbn90gtc       19.353600 n
weight_memory_reg[1][0][1][0]
                          EDFKCND1        tcbn90gtc       19.353600 n
weight_memory_reg[1][0][1][1]
                          EDFKCND1        tcbn90gtc       19.353600 n
weight_memory_reg[1][0][1][2]
                          EDFKCND1        tcbn90gtc       19.353600 n
weight_memory_reg[1][0][1][3]
                          EDFKCND1        tcbn90gtc       19.353600 n
weight_memory_reg[1][0][1][4]
                          EDFKCND1        tcbn90gtc       19.353600 n
weight_memory_reg[1][0][1][5]
                          EDFKCND1        tcbn90gtc       19.353600 n
weight_memory_reg[1][0][1][6]
                          EDFKCND1        tcbn90gtc       19.353600 n
weight_memory_reg[1][0][1][7]
                          EDFKCND1        tcbn90gtc       19.353600 n
weight_memory_reg[1][0][2][0]
                          EDFKCND1        tcbn90gtc       19.353600 n
weight_memory_reg[1][0][2][1]
                          EDFKCND1        tcbn90gtc       19.353600 n
weight_memory_reg[1][0][2][2]
                          EDFKCND1        tcbn90gtc       19.353600 n
weight_memory_reg[1][0][2][3]
                          EDFKCND1        tcbn90gtc       19.353600 n
weight_memory_reg[1][0][2][4]
                          EDFKCND1        tcbn90gtc       19.353600 n
weight_memory_reg[1][0][2][5]
                          EDFKCND1        tcbn90gtc       19.353600 n
weight_memory_reg[1][0][2][6]
                          EDFKCND1        tcbn90gtc       19.353600 n
weight_memory_reg[1][0][2][7]
                          EDFKCND1        tcbn90gtc       19.353600 n
weight_memory_reg[1][1][0][0]
                          EDFKCND1        tcbn90gtc       19.353600 n
weight_memory_reg[1][1][0][1]
                          EDFKCND1        tcbn90gtc       19.353600 n
weight_memory_reg[1][1][0][2]
                          EDFKCND1        tcbn90gtc       19.353600 n
weight_memory_reg[1][1][0][3]
                          EDFKCND1        tcbn90gtc       19.353600 n
weight_memory_reg[1][1][0][4]
                          EDFKCND1        tcbn90gtc       19.353600 n
weight_memory_reg[1][1][0][5]
                          EDFKCND1        tcbn90gtc       19.353600 n
weight_memory_reg[1][1][0][6]
                          EDFKCND1        tcbn90gtc       19.353600 n
weight_memory_reg[1][1][0][7]
                          EDFKCND1        tcbn90gtc       19.353600 n
weight_memory_reg[1][1][1][0]
                          EDFKCND1        tcbn90gtc       19.353600 n
weight_memory_reg[1][1][1][1]
                          EDFKCND1        tcbn90gtc       19.353600 n
weight_memory_reg[1][1][1][2]
                          EDFKCND1        tcbn90gtc       19.353600 n
weight_memory_reg[1][1][1][3]
                          EDFKCND1        tcbn90gtc       19.353600 n
weight_memory_reg[1][1][1][4]
                          EDFKCND1        tcbn90gtc       19.353600 n
weight_memory_reg[1][1][1][5]
                          EDFKCND1        tcbn90gtc       19.353600 n
weight_memory_reg[1][1][1][6]
                          EDFKCND1        tcbn90gtc       19.353600 n
weight_memory_reg[1][1][1][7]
                          EDFKCND1        tcbn90gtc       19.353600 n
weight_memory_reg[1][1][2][0]
                          EDFKCND1        tcbn90gtc       19.353600 n
weight_memory_reg[1][1][2][1]
                          EDFKCND1        tcbn90gtc       19.353600 n
weight_memory_reg[1][1][2][2]
                          EDFKCND1        tcbn90gtc       19.353600 n
weight_memory_reg[1][1][2][3]
                          EDFKCND1        tcbn90gtc       19.353600 n
weight_memory_reg[1][1][2][4]
                          EDFKCND1        tcbn90gtc       19.353600 n
weight_memory_reg[1][1][2][5]
                          EDFKCND1        tcbn90gtc       19.353600 n
weight_memory_reg[1][1][2][6]
                          EDFKCND1        tcbn90gtc       19.353600 n
weight_memory_reg[1][1][2][7]
                          EDFKCND1        tcbn90gtc       19.353600 n
weight_memory_reg[1][2][0][0]
                          EDFKCND1        tcbn90gtc       19.353600 n
weight_memory_reg[1][2][0][1]
                          EDFKCND1        tcbn90gtc       19.353600 n
weight_memory_reg[1][2][0][2]
                          EDFKCND1        tcbn90gtc       19.353600 n
weight_memory_reg[1][2][0][3]
                          EDFKCND1        tcbn90gtc       19.353600 n
weight_memory_reg[1][2][0][4]
                          EDFKCND1        tcbn90gtc       19.353600 n
weight_memory_reg[1][2][0][5]
                          EDFKCND1        tcbn90gtc       19.353600 n
weight_memory_reg[1][2][0][6]
                          EDFKCND1        tcbn90gtc       19.353600 n
weight_memory_reg[1][2][0][7]
                          EDFKCND1        tcbn90gtc       19.353600 n
weight_memory_reg[1][2][1][0]
                          EDFKCND1        tcbn90gtc       19.353600 n
weight_memory_reg[1][2][1][1]
                          EDFKCND1        tcbn90gtc       19.353600 n
weight_memory_reg[1][2][1][2]
                          EDFKCND1        tcbn90gtc       19.353600 n
weight_memory_reg[1][2][1][3]
                          EDFKCND1        tcbn90gtc       19.353600 n
weight_memory_reg[1][2][1][4]
                          EDFKCND1        tcbn90gtc       19.353600 n
weight_memory_reg[1][2][1][5]
                          EDFKCND1        tcbn90gtc       19.353600 n
weight_memory_reg[1][2][1][6]
                          EDFKCND1        tcbn90gtc       19.353600 n
weight_memory_reg[1][2][1][7]
                          EDFKCND1        tcbn90gtc       19.353600 n
weight_memory_reg[1][2][2][0]
                          EDFKCND1        tcbn90gtc       19.353600 n
weight_memory_reg[1][2][2][1]
                          EDFKCND1        tcbn90gtc       19.353600 n
weight_memory_reg[1][2][2][2]
                          EDFKCND1        tcbn90gtc       19.353600 n
weight_memory_reg[1][2][2][3]
                          EDFKCND1        tcbn90gtc       19.353600 n
weight_memory_reg[1][2][2][4]
                          EDFKCND1        tcbn90gtc       19.353600 n
weight_memory_reg[1][2][2][5]
                          EDFKCND1        tcbn90gtc       19.353600 n
weight_memory_reg[1][2][2][6]
                          EDFKCND1        tcbn90gtc       19.353600 n
weight_memory_reg[1][2][2][7]
                          EDFKCND1        tcbn90gtc       19.353600 n
weight_memory_reg[2][0][0][0]
                          EDFKCND1        tcbn90gtc       19.353600 n
weight_memory_reg[2][0][0][1]
                          EDFKCND1        tcbn90gtc       19.353600 n
weight_memory_reg[2][0][0][2]
                          EDFKCND1        tcbn90gtc       19.353600 n
weight_memory_reg[2][0][0][3]
                          EDFKCND1        tcbn90gtc       19.353600 n
weight_memory_reg[2][0][0][4]
                          EDFKCND1        tcbn90gtc       19.353600 n
weight_memory_reg[2][0][0][5]
                          EDFKCND1        tcbn90gtc       19.353600 n
weight_memory_reg[2][0][0][6]
                          EDFKCND1        tcbn90gtc       19.353600 n
weight_memory_reg[2][0][0][7]
                          EDFKCND1        tcbn90gtc       19.353600 n
weight_memory_reg[2][0][1][0]
                          EDFKCND1        tcbn90gtc       19.353600 n
weight_memory_reg[2][0][1][1]
                          EDFKCND1        tcbn90gtc       19.353600 n
weight_memory_reg[2][0][1][2]
                          EDFKCND1        tcbn90gtc       19.353600 n
weight_memory_reg[2][0][1][3]
                          EDFKCND1        tcbn90gtc       19.353600 n
weight_memory_reg[2][0][1][4]
                          EDFKCND1        tcbn90gtc       19.353600 n
weight_memory_reg[2][0][1][5]
                          EDFKCND1        tcbn90gtc       19.353600 n
weight_memory_reg[2][0][1][6]
                          EDFKCND1        tcbn90gtc       19.353600 n
weight_memory_reg[2][0][1][7]
                          EDFKCND1        tcbn90gtc       19.353600 n
weight_memory_reg[2][0][2][0]
                          EDFKCND1        tcbn90gtc       19.353600 n
weight_memory_reg[2][0][2][1]
                          EDFKCND1        tcbn90gtc       19.353600 n
weight_memory_reg[2][0][2][2]
                          EDFKCND1        tcbn90gtc       19.353600 n
weight_memory_reg[2][0][2][3]
                          EDFKCND1        tcbn90gtc       19.353600 n
weight_memory_reg[2][0][2][4]
                          EDFKCND1        tcbn90gtc       19.353600 n
weight_memory_reg[2][0][2][5]
                          EDFKCND1        tcbn90gtc       19.353600 n
weight_memory_reg[2][0][2][6]
                          EDFKCND1        tcbn90gtc       19.353600 n
weight_memory_reg[2][0][2][7]
                          EDFKCND1        tcbn90gtc       19.353600 n
weight_memory_reg[2][1][0][0]
                          EDFKCND1        tcbn90gtc       19.353600 n
weight_memory_reg[2][1][0][1]
                          EDFKCND1        tcbn90gtc       19.353600 n
weight_memory_reg[2][1][0][2]
                          EDFKCND1        tcbn90gtc       19.353600 n
weight_memory_reg[2][1][0][3]
                          EDFKCND1        tcbn90gtc       19.353600 n
weight_memory_reg[2][1][0][4]
                          EDFKCND1        tcbn90gtc       19.353600 n
weight_memory_reg[2][1][0][5]
                          EDFKCND1        tcbn90gtc       19.353600 n
weight_memory_reg[2][1][0][6]
                          EDFKCND1        tcbn90gtc       19.353600 n
weight_memory_reg[2][1][0][7]
                          EDFKCND1        tcbn90gtc       19.353600 n
weight_memory_reg[2][1][1][0]
                          EDFKCND1        tcbn90gtc       19.353600 n
weight_memory_reg[2][1][1][1]
                          EDFKCND1        tcbn90gtc       19.353600 n
weight_memory_reg[2][1][1][2]
                          EDFKCND1        tcbn90gtc       19.353600 n
weight_memory_reg[2][1][1][3]
                          EDFKCND1        tcbn90gtc       19.353600 n
weight_memory_reg[2][1][1][4]
                          EDFKCND1        tcbn90gtc       19.353600 n
weight_memory_reg[2][1][1][5]
                          EDFKCND1        tcbn90gtc       19.353600 n
weight_memory_reg[2][1][1][6]
                          EDFKCND1        tcbn90gtc       19.353600 n
weight_memory_reg[2][1][1][7]
                          EDFKCND1        tcbn90gtc       19.353600 n
weight_memory_reg[2][1][2][0]
                          EDFKCND1        tcbn90gtc       19.353600 n
weight_memory_reg[2][1][2][1]
                          EDFKCND1        tcbn90gtc       19.353600 n
weight_memory_reg[2][1][2][2]
                          EDFKCND1        tcbn90gtc       19.353600 n
weight_memory_reg[2][1][2][3]
                          EDFKCND1        tcbn90gtc       19.353600 n
weight_memory_reg[2][1][2][4]
                          EDFKCND1        tcbn90gtc       19.353600 n
weight_memory_reg[2][1][2][5]
                          EDFKCND1        tcbn90gtc       19.353600 n
weight_memory_reg[2][1][2][6]
                          EDFKCND1        tcbn90gtc       19.353600 n
weight_memory_reg[2][1][2][7]
                          EDFKCND1        tcbn90gtc       19.353600 n
weight_memory_reg[2][2][0][0]
                          EDFKCND1        tcbn90gtc       19.353600 n
weight_memory_reg[2][2][0][1]
                          EDFKCND1        tcbn90gtc       19.353600 n
weight_memory_reg[2][2][0][2]
                          EDFKCND1        tcbn90gtc       19.353600 n
weight_memory_reg[2][2][0][3]
                          EDFKCND1        tcbn90gtc       19.353600 n
weight_memory_reg[2][2][0][4]
                          EDFKCND1        tcbn90gtc       19.353600 n
weight_memory_reg[2][2][0][5]
                          EDFKCND1        tcbn90gtc       19.353600 n
weight_memory_reg[2][2][0][6]
                          EDFKCND1        tcbn90gtc       19.353600 n
weight_memory_reg[2][2][0][7]
                          EDFKCND1        tcbn90gtc       19.353600 n
weight_memory_reg[2][2][1][0]
                          EDFKCND1        tcbn90gtc       19.353600 n
weight_memory_reg[2][2][1][1]
                          EDFKCND1        tcbn90gtc       19.353600 n
weight_memory_reg[2][2][1][2]
                          EDFKCND1        tcbn90gtc       19.353600 n
weight_memory_reg[2][2][1][3]
                          EDFKCND1        tcbn90gtc       19.353600 n
weight_memory_reg[2][2][1][4]
                          EDFKCND1        tcbn90gtc       19.353600 n
weight_memory_reg[2][2][1][5]
                          EDFKCND1        tcbn90gtc       19.353600 n
weight_memory_reg[2][2][1][6]
                          EDFKCND1        tcbn90gtc       19.353600 n
weight_memory_reg[2][2][1][7]
                          EDFKCND1        tcbn90gtc       19.353600 n
weight_memory_reg[2][2][2][0]
                          EDFKCND1        tcbn90gtc       19.353600 n
weight_memory_reg[2][2][2][1]
                          EDFKCND1        tcbn90gtc       19.353600 n
weight_memory_reg[2][2][2][2]
                          EDFKCND1        tcbn90gtc       19.353600 n
weight_memory_reg[2][2][2][3]
                          EDFKCND1        tcbn90gtc       19.353600 n
weight_memory_reg[2][2][2][4]
                          EDFKCND1        tcbn90gtc       19.353600 n
weight_memory_reg[2][2][2][5]
                          EDFKCND1        tcbn90gtc       19.353600 n
weight_memory_reg[2][2][2][6]
                          EDFKCND1        tcbn90gtc       19.353600 n
weight_memory_reg[2][2][2][7]
                          EDFKCND1        tcbn90gtc       19.353600 n
weight_memory_reg[3][0][0][0]
                          EDFKCND1        tcbn90gtc       19.353600 n
weight_memory_reg[3][0][0][1]
                          EDFKCND1        tcbn90gtc       19.353600 n
weight_memory_reg[3][0][0][2]
                          EDFKCND1        tcbn90gtc       19.353600 n
weight_memory_reg[3][0][0][3]
                          EDFKCND1        tcbn90gtc       19.353600 n
weight_memory_reg[3][0][0][4]
                          EDFKCND1        tcbn90gtc       19.353600 n
weight_memory_reg[3][0][0][5]
                          EDFKCND1        tcbn90gtc       19.353600 n
weight_memory_reg[3][0][0][6]
                          EDFKCND1        tcbn90gtc       19.353600 n
weight_memory_reg[3][0][0][7]
                          EDFKCND1        tcbn90gtc       19.353600 n
weight_memory_reg[3][0][1][0]
                          EDFKCND1        tcbn90gtc       19.353600 n
weight_memory_reg[3][0][1][1]
                          EDFKCND1        tcbn90gtc       19.353600 n
weight_memory_reg[3][0][1][2]
                          EDFKCND1        tcbn90gtc       19.353600 n
weight_memory_reg[3][0][1][3]
                          EDFKCND1        tcbn90gtc       19.353600 n
weight_memory_reg[3][0][1][4]
                          EDFKCND1        tcbn90gtc       19.353600 n
weight_memory_reg[3][0][1][5]
                          EDFKCND1        tcbn90gtc       19.353600 n
weight_memory_reg[3][0][1][6]
                          EDFKCND1        tcbn90gtc       19.353600 n
weight_memory_reg[3][0][1][7]
                          EDFKCND1        tcbn90gtc       19.353600 n
weight_memory_reg[3][0][2][0]
                          EDFKCND1        tcbn90gtc       19.353600 n
weight_memory_reg[3][0][2][1]
                          EDFKCND1        tcbn90gtc       19.353600 n
weight_memory_reg[3][0][2][2]
                          EDFKCND1        tcbn90gtc       19.353600 n
weight_memory_reg[3][0][2][3]
                          EDFKCND1        tcbn90gtc       19.353600 n
weight_memory_reg[3][0][2][4]
                          EDFKCND1        tcbn90gtc       19.353600 n
weight_memory_reg[3][0][2][5]
                          EDFKCND1        tcbn90gtc       19.353600 n
weight_memory_reg[3][0][2][6]
                          EDFKCND1        tcbn90gtc       19.353600 n
weight_memory_reg[3][0][2][7]
                          EDFKCND1        tcbn90gtc       19.353600 n
weight_memory_reg[3][1][0][0]
                          EDFKCND1        tcbn90gtc       19.353600 n
weight_memory_reg[3][1][0][1]
                          EDFKCND1        tcbn90gtc       19.353600 n
weight_memory_reg[3][1][0][2]
                          EDFKCND1        tcbn90gtc       19.353600 n
weight_memory_reg[3][1][0][3]
                          EDFKCND1        tcbn90gtc       19.353600 n
weight_memory_reg[3][1][0][4]
                          EDFKCND1        tcbn90gtc       19.353600 n
weight_memory_reg[3][1][0][5]
                          EDFKCND1        tcbn90gtc       19.353600 n
weight_memory_reg[3][1][0][6]
                          EDFKCND1        tcbn90gtc       19.353600 n
weight_memory_reg[3][1][0][7]
                          EDFKCND1        tcbn90gtc       19.353600 n
weight_memory_reg[3][1][1][0]
                          EDFKCND1        tcbn90gtc       19.353600 n
weight_memory_reg[3][1][1][1]
                          EDFKCND1        tcbn90gtc       19.353600 n
weight_memory_reg[3][1][1][2]
                          EDFKCND1        tcbn90gtc       19.353600 n
weight_memory_reg[3][1][1][3]
                          EDFKCND1        tcbn90gtc       19.353600 n
weight_memory_reg[3][1][1][4]
                          EDFKCND1        tcbn90gtc       19.353600 n
weight_memory_reg[3][1][1][5]
                          EDFKCND1        tcbn90gtc       19.353600 n
weight_memory_reg[3][1][1][6]
                          EDFKCND1        tcbn90gtc       19.353600 n
weight_memory_reg[3][1][1][7]
                          EDFKCND1        tcbn90gtc       19.353600 n
weight_memory_reg[3][1][2][0]
                          EDFKCND1        tcbn90gtc       19.353600 n
weight_memory_reg[3][1][2][1]
                          EDFKCND1        tcbn90gtc       19.353600 n
weight_memory_reg[3][1][2][2]
                          EDFKCND1        tcbn90gtc       19.353600 n
weight_memory_reg[3][1][2][3]
                          EDFKCND1        tcbn90gtc       19.353600 n
weight_memory_reg[3][1][2][4]
                          EDFKCND1        tcbn90gtc       19.353600 n
weight_memory_reg[3][1][2][5]
                          EDFKCND1        tcbn90gtc       19.353600 n
weight_memory_reg[3][1][2][6]
                          EDFKCND1        tcbn90gtc       19.353600 n
weight_memory_reg[3][1][2][7]
                          EDFKCND1        tcbn90gtc       19.353600 n
weight_memory_reg[3][2][0][0]
                          EDFKCND1        tcbn90gtc       19.353600 n
weight_memory_reg[3][2][0][1]
                          EDFKCND1        tcbn90gtc       19.353600 n
weight_memory_reg[3][2][0][2]
                          EDFKCND1        tcbn90gtc       19.353600 n
weight_memory_reg[3][2][0][3]
                          EDFKCND1        tcbn90gtc       19.353600 n
weight_memory_reg[3][2][0][4]
                          EDFKCND1        tcbn90gtc       19.353600 n
weight_memory_reg[3][2][0][5]
                          EDFKCND1        tcbn90gtc       19.353600 n
weight_memory_reg[3][2][0][6]
                          EDFKCND1        tcbn90gtc       19.353600 n
weight_memory_reg[3][2][0][7]
                          EDFKCND1        tcbn90gtc       19.353600 n
weight_memory_reg[3][2][1][0]
                          EDFKCND1        tcbn90gtc       19.353600 n
weight_memory_reg[3][2][1][1]
                          EDFKCND1        tcbn90gtc       19.353600 n
weight_memory_reg[3][2][1][2]
                          EDFKCND1        tcbn90gtc       19.353600 n
weight_memory_reg[3][2][1][3]
                          EDFKCND1        tcbn90gtc       19.353600 n
weight_memory_reg[3][2][1][4]
                          EDFKCND1        tcbn90gtc       19.353600 n
weight_memory_reg[3][2][1][5]
                          EDFKCND1        tcbn90gtc       19.353600 n
weight_memory_reg[3][2][1][6]
                          EDFKCND1        tcbn90gtc       19.353600 n
weight_memory_reg[3][2][1][7]
                          EDFKCND1        tcbn90gtc       19.353600 n
weight_memory_reg[3][2][2][0]
                          EDFKCND1        tcbn90gtc       19.353600 n
weight_memory_reg[3][2][2][1]
                          EDFKCND1        tcbn90gtc       19.353600 n
weight_memory_reg[3][2][2][2]
                          EDFKCND1        tcbn90gtc       19.353600 n
weight_memory_reg[3][2][2][3]
                          EDFKCND1        tcbn90gtc       19.353600 n
weight_memory_reg[3][2][2][4]
                          EDFKCND1        tcbn90gtc       19.353600 n
weight_memory_reg[3][2][2][5]
                          EDFKCND1        tcbn90gtc       19.353600 n
weight_memory_reg[3][2][2][6]
                          EDFKCND1        tcbn90gtc       19.353600 n
weight_memory_reg[3][2][2][7]
                          EDFKCND1        tcbn90gtc       19.353600 n
weight_memory_reg[4][0][0][0]
                          EDFKCND1        tcbn90gtc       19.353600 n
weight_memory_reg[4][0][0][1]
                          EDFKCND1        tcbn90gtc       19.353600 n
weight_memory_reg[4][0][0][2]
                          EDFKCND1        tcbn90gtc       19.353600 n
weight_memory_reg[4][0][0][3]
                          EDFKCND1        tcbn90gtc       19.353600 n
weight_memory_reg[4][0][0][4]
                          EDFKCND1        tcbn90gtc       19.353600 n
weight_memory_reg[4][0][0][5]
                          EDFKCND1        tcbn90gtc       19.353600 n
weight_memory_reg[4][0][0][6]
                          EDFKCND1        tcbn90gtc       19.353600 n
weight_memory_reg[4][0][0][7]
                          EDFKCND1        tcbn90gtc       19.353600 n
weight_memory_reg[4][0][1][0]
                          EDFKCND1        tcbn90gtc       19.353600 n
weight_memory_reg[4][0][1][1]
                          EDFKCND1        tcbn90gtc       19.353600 n
weight_memory_reg[4][0][1][2]
                          EDFKCND1        tcbn90gtc       19.353600 n
weight_memory_reg[4][0][1][3]
                          EDFKCND1        tcbn90gtc       19.353600 n
weight_memory_reg[4][0][1][4]
                          EDFKCND1        tcbn90gtc       19.353600 n
weight_memory_reg[4][0][1][5]
                          EDFKCND1        tcbn90gtc       19.353600 n
weight_memory_reg[4][0][1][6]
                          EDFKCND1        tcbn90gtc       19.353600 n
weight_memory_reg[4][0][1][7]
                          EDFKCND1        tcbn90gtc       19.353600 n
weight_memory_reg[4][0][2][0]
                          EDFKCND1        tcbn90gtc       19.353600 n
weight_memory_reg[4][0][2][1]
                          EDFKCND1        tcbn90gtc       19.353600 n
weight_memory_reg[4][0][2][2]
                          EDFKCND1        tcbn90gtc       19.353600 n
weight_memory_reg[4][0][2][3]
                          EDFKCND1        tcbn90gtc       19.353600 n
weight_memory_reg[4][0][2][4]
                          EDFKCND1        tcbn90gtc       19.353600 n
weight_memory_reg[4][0][2][5]
                          EDFKCND1        tcbn90gtc       19.353600 n
weight_memory_reg[4][0][2][6]
                          EDFKCND1        tcbn90gtc       19.353600 n
weight_memory_reg[4][0][2][7]
                          EDFKCND1        tcbn90gtc       19.353600 n
weight_memory_reg[4][1][0][0]
                          EDFKCND1        tcbn90gtc       19.353600 n
weight_memory_reg[4][1][0][1]
                          EDFKCND1        tcbn90gtc       19.353600 n
weight_memory_reg[4][1][0][2]
                          EDFKCND1        tcbn90gtc       19.353600 n
weight_memory_reg[4][1][0][3]
                          EDFKCND1        tcbn90gtc       19.353600 n
weight_memory_reg[4][1][0][4]
                          EDFKCND1        tcbn90gtc       19.353600 n
weight_memory_reg[4][1][0][5]
                          EDFKCND1        tcbn90gtc       19.353600 n
weight_memory_reg[4][1][0][6]
                          EDFKCND1        tcbn90gtc       19.353600 n
weight_memory_reg[4][1][0][7]
                          EDFKCND1        tcbn90gtc       19.353600 n
weight_memory_reg[4][1][1][0]
                          EDFKCND1        tcbn90gtc       19.353600 n
weight_memory_reg[4][1][1][1]
                          EDFKCND1        tcbn90gtc       19.353600 n
weight_memory_reg[4][1][1][2]
                          EDFKCND1        tcbn90gtc       19.353600 n
weight_memory_reg[4][1][1][3]
                          EDFKCND1        tcbn90gtc       19.353600 n
weight_memory_reg[4][1][1][4]
                          EDFKCND1        tcbn90gtc       19.353600 n
weight_memory_reg[4][1][1][5]
                          EDFKCND1        tcbn90gtc       19.353600 n
weight_memory_reg[4][1][1][6]
                          EDFKCND1        tcbn90gtc       19.353600 n
weight_memory_reg[4][1][1][7]
                          EDFKCND1        tcbn90gtc       19.353600 n
weight_memory_reg[4][1][2][0]
                          EDFKCND1        tcbn90gtc       19.353600 n
weight_memory_reg[4][1][2][1]
                          EDFKCND1        tcbn90gtc       19.353600 n
weight_memory_reg[4][1][2][2]
                          EDFKCND1        tcbn90gtc       19.353600 n
weight_memory_reg[4][1][2][3]
                          EDFKCND1        tcbn90gtc       19.353600 n
weight_memory_reg[4][1][2][4]
                          EDFKCND1        tcbn90gtc       19.353600 n
weight_memory_reg[4][1][2][5]
                          EDFKCND1        tcbn90gtc       19.353600 n
weight_memory_reg[4][1][2][6]
                          EDFKCND1        tcbn90gtc       19.353600 n
weight_memory_reg[4][1][2][7]
                          EDFKCND1        tcbn90gtc       19.353600 n
weight_memory_reg[4][2][0][0]
                          EDFKCND1        tcbn90gtc       19.353600 n
weight_memory_reg[4][2][0][1]
                          EDFKCND1        tcbn90gtc       19.353600 n
weight_memory_reg[4][2][0][2]
                          EDFKCND1        tcbn90gtc       19.353600 n
weight_memory_reg[4][2][0][3]
                          EDFKCND1        tcbn90gtc       19.353600 n
weight_memory_reg[4][2][0][4]
                          EDFKCND1        tcbn90gtc       19.353600 n
weight_memory_reg[4][2][0][5]
                          EDFKCND1        tcbn90gtc       19.353600 n
weight_memory_reg[4][2][0][6]
                          EDFKCND1        tcbn90gtc       19.353600 n
weight_memory_reg[4][2][0][7]
                          EDFKCND1        tcbn90gtc       19.353600 n
weight_memory_reg[4][2][1][0]
                          EDFKCND1        tcbn90gtc       19.353600 n
weight_memory_reg[4][2][1][1]
                          EDFKCND1        tcbn90gtc       19.353600 n
weight_memory_reg[4][2][1][2]
                          EDFKCND1        tcbn90gtc       19.353600 n
weight_memory_reg[4][2][1][3]
                          EDFKCND1        tcbn90gtc       19.353600 n
weight_memory_reg[4][2][1][4]
                          EDFKCND1        tcbn90gtc       19.353600 n
weight_memory_reg[4][2][1][5]
                          EDFKCND1        tcbn90gtc       19.353600 n
weight_memory_reg[4][2][1][6]
                          EDFKCND1        tcbn90gtc       19.353600 n
weight_memory_reg[4][2][1][7]
                          EDFKCND1        tcbn90gtc       19.353600 n
weight_memory_reg[4][2][2][0]
                          EDFKCND1        tcbn90gtc       19.353600 n
weight_memory_reg[4][2][2][1]
                          EDFKCND1        tcbn90gtc       19.353600 n
weight_memory_reg[4][2][2][2]
                          EDFKCND1        tcbn90gtc       19.353600 n
weight_memory_reg[4][2][2][3]
                          EDFKCND1        tcbn90gtc       19.353600 n
weight_memory_reg[4][2][2][4]
                          EDFKCND1        tcbn90gtc       19.353600 n
weight_memory_reg[4][2][2][5]
                          EDFKCND1        tcbn90gtc       19.353600 n
weight_memory_reg[4][2][2][6]
                          EDFKCND1        tcbn90gtc       19.353600 n
weight_memory_reg[4][2][2][7]
                          EDFKCND1        tcbn90gtc       19.353600 n
weight_memory_reg[5][0][0][0]
                          EDFKCND1        tcbn90gtc       19.353600 n
weight_memory_reg[5][0][0][1]
                          EDFKCND1        tcbn90gtc       19.353600 n
weight_memory_reg[5][0][0][2]
                          EDFKCND1        tcbn90gtc       19.353600 n
weight_memory_reg[5][0][0][3]
                          EDFKCND1        tcbn90gtc       19.353600 n
weight_memory_reg[5][0][0][4]
                          EDFKCND1        tcbn90gtc       19.353600 n
weight_memory_reg[5][0][0][5]
                          EDFKCND1        tcbn90gtc       19.353600 n
weight_memory_reg[5][0][0][6]
                          EDFKCND1        tcbn90gtc       19.353600 n
weight_memory_reg[5][0][0][7]
                          EDFKCND1        tcbn90gtc       19.353600 n
weight_memory_reg[5][0][1][0]
                          EDFKCND1        tcbn90gtc       19.353600 n
weight_memory_reg[5][0][1][1]
                          EDFKCND1        tcbn90gtc       19.353600 n
weight_memory_reg[5][0][1][2]
                          EDFKCND1        tcbn90gtc       19.353600 n
weight_memory_reg[5][0][1][3]
                          EDFKCND1        tcbn90gtc       19.353600 n
weight_memory_reg[5][0][1][4]
                          EDFKCND1        tcbn90gtc       19.353600 n
weight_memory_reg[5][0][1][5]
                          EDFKCND1        tcbn90gtc       19.353600 n
weight_memory_reg[5][0][1][6]
                          EDFKCND1        tcbn90gtc       19.353600 n
weight_memory_reg[5][0][1][7]
                          EDFKCND1        tcbn90gtc       19.353600 n
weight_memory_reg[5][0][2][0]
                          EDFKCND1        tcbn90gtc       19.353600 n
weight_memory_reg[5][0][2][1]
                          EDFKCND1        tcbn90gtc       19.353600 n
weight_memory_reg[5][0][2][2]
                          EDFKCND1        tcbn90gtc       19.353600 n
weight_memory_reg[5][0][2][3]
                          EDFKCND1        tcbn90gtc       19.353600 n
weight_memory_reg[5][0][2][4]
                          EDFKCND1        tcbn90gtc       19.353600 n
weight_memory_reg[5][0][2][5]
                          EDFKCND1        tcbn90gtc       19.353600 n
weight_memory_reg[5][0][2][6]
                          EDFKCND1        tcbn90gtc       19.353600 n
weight_memory_reg[5][0][2][7]
                          EDFKCND1        tcbn90gtc       19.353600 n
weight_memory_reg[5][1][0][0]
                          EDFKCND1        tcbn90gtc       19.353600 n
weight_memory_reg[5][1][0][1]
                          EDFKCND1        tcbn90gtc       19.353600 n
weight_memory_reg[5][1][0][2]
                          EDFKCND1        tcbn90gtc       19.353600 n
weight_memory_reg[5][1][0][3]
                          EDFKCND1        tcbn90gtc       19.353600 n
weight_memory_reg[5][1][0][4]
                          EDFKCND1        tcbn90gtc       19.353600 n
weight_memory_reg[5][1][0][5]
                          EDFKCND1        tcbn90gtc       19.353600 n
weight_memory_reg[5][1][0][6]
                          EDFKCND1        tcbn90gtc       19.353600 n
weight_memory_reg[5][1][0][7]
                          EDFKCND1        tcbn90gtc       19.353600 n
weight_memory_reg[5][1][1][0]
                          EDFKCND1        tcbn90gtc       19.353600 n
weight_memory_reg[5][1][1][1]
                          EDFKCND1        tcbn90gtc       19.353600 n
weight_memory_reg[5][1][1][2]
                          EDFKCND1        tcbn90gtc       19.353600 n
weight_memory_reg[5][1][1][3]
                          EDFKCND1        tcbn90gtc       19.353600 n
weight_memory_reg[5][1][1][4]
                          EDFKCND1        tcbn90gtc       19.353600 n
weight_memory_reg[5][1][1][5]
                          EDFKCND1        tcbn90gtc       19.353600 n
weight_memory_reg[5][1][1][6]
                          EDFKCND1        tcbn90gtc       19.353600 n
weight_memory_reg[5][1][1][7]
                          EDFKCND1        tcbn90gtc       19.353600 n
weight_memory_reg[5][1][2][0]
                          EDFKCND1        tcbn90gtc       19.353600 n
weight_memory_reg[5][1][2][1]
                          EDFKCND1        tcbn90gtc       19.353600 n
weight_memory_reg[5][1][2][2]
                          EDFKCND1        tcbn90gtc       19.353600 n
weight_memory_reg[5][1][2][3]
                          EDFKCND1        tcbn90gtc       19.353600 n
weight_memory_reg[5][1][2][4]
                          EDFKCND1        tcbn90gtc       19.353600 n
weight_memory_reg[5][1][2][5]
                          EDFKCND1        tcbn90gtc       19.353600 n
weight_memory_reg[5][1][2][6]
                          EDFKCND1        tcbn90gtc       19.353600 n
weight_memory_reg[5][1][2][7]
                          EDFKCND1        tcbn90gtc       19.353600 n
weight_memory_reg[5][2][0][0]
                          EDFKCND1        tcbn90gtc       19.353600 n
weight_memory_reg[5][2][0][1]
                          EDFKCND1        tcbn90gtc       19.353600 n
weight_memory_reg[5][2][0][2]
                          EDFKCND1        tcbn90gtc       19.353600 n
weight_memory_reg[5][2][0][3]
                          EDFKCND1        tcbn90gtc       19.353600 n
weight_memory_reg[5][2][0][4]
                          EDFKCND1        tcbn90gtc       19.353600 n
weight_memory_reg[5][2][0][5]
                          EDFKCND1        tcbn90gtc       19.353600 n
weight_memory_reg[5][2][0][6]
                          EDFKCND1        tcbn90gtc       19.353600 n
weight_memory_reg[5][2][0][7]
                          EDFKCND1        tcbn90gtc       19.353600 n
weight_memory_reg[5][2][1][0]
                          EDFKCND1        tcbn90gtc       19.353600 n
weight_memory_reg[5][2][1][1]
                          EDFKCND1        tcbn90gtc       19.353600 n
weight_memory_reg[5][2][1][2]
                          EDFKCND1        tcbn90gtc       19.353600 n
weight_memory_reg[5][2][1][3]
                          EDFKCND1        tcbn90gtc       19.353600 n
weight_memory_reg[5][2][1][4]
                          EDFKCND1        tcbn90gtc       19.353600 n
weight_memory_reg[5][2][1][5]
                          EDFKCND1        tcbn90gtc       19.353600 n
weight_memory_reg[5][2][1][6]
                          EDFKCND1        tcbn90gtc       19.353600 n
weight_memory_reg[5][2][1][7]
                          EDFKCND1        tcbn90gtc       19.353600 n
weight_memory_reg[5][2][2][0]
                          EDFKCND1        tcbn90gtc       19.353600 n
weight_memory_reg[5][2][2][1]
                          EDFKCND1        tcbn90gtc       19.353600 n
weight_memory_reg[5][2][2][2]
                          EDFKCND1        tcbn90gtc       19.353600 n
weight_memory_reg[5][2][2][3]
                          EDFKCND1        tcbn90gtc       19.353600 n
weight_memory_reg[5][2][2][4]
                          EDFKCND1        tcbn90gtc       19.353600 n
weight_memory_reg[5][2][2][5]
                          EDFKCND1        tcbn90gtc       19.353600 n
weight_memory_reg[5][2][2][6]
                          EDFKCND1        tcbn90gtc       19.353600 n
weight_memory_reg[5][2][2][7]
                          EDFKCND1        tcbn90gtc       19.353600 n
weight_memory_reg[6][0][0][0]
                          EDFKCND1        tcbn90gtc       19.353600 n
weight_memory_reg[6][0][0][1]
                          EDFKCND1        tcbn90gtc       19.353600 n
weight_memory_reg[6][0][0][2]
                          EDFKCND1        tcbn90gtc       19.353600 n
weight_memory_reg[6][0][0][3]
                          EDFKCND1        tcbn90gtc       19.353600 n
weight_memory_reg[6][0][0][4]
                          EDFKCND1        tcbn90gtc       19.353600 n
weight_memory_reg[6][0][0][5]
                          EDFKCND1        tcbn90gtc       19.353600 n
weight_memory_reg[6][0][0][6]
                          EDFKCND1        tcbn90gtc       19.353600 n
weight_memory_reg[6][0][0][7]
                          EDFKCND1        tcbn90gtc       19.353600 n
weight_memory_reg[6][0][1][0]
                          EDFKCND1        tcbn90gtc       19.353600 n
weight_memory_reg[6][0][1][1]
                          EDFKCND1        tcbn90gtc       19.353600 n
weight_memory_reg[6][0][1][2]
                          EDFKCND1        tcbn90gtc       19.353600 n
weight_memory_reg[6][0][1][3]
                          EDFKCND1        tcbn90gtc       19.353600 n
weight_memory_reg[6][0][1][4]
                          EDFKCND1        tcbn90gtc       19.353600 n
weight_memory_reg[6][0][1][5]
                          EDFKCND1        tcbn90gtc       19.353600 n
weight_memory_reg[6][0][1][6]
                          EDFKCND1        tcbn90gtc       19.353600 n
weight_memory_reg[6][0][1][7]
                          EDFKCND1        tcbn90gtc       19.353600 n
weight_memory_reg[6][0][2][0]
                          EDFKCND1        tcbn90gtc       19.353600 n
weight_memory_reg[6][0][2][1]
                          EDFKCND1        tcbn90gtc       19.353600 n
weight_memory_reg[6][0][2][2]
                          EDFKCND1        tcbn90gtc       19.353600 n
weight_memory_reg[6][0][2][3]
                          EDFKCND1        tcbn90gtc       19.353600 n
weight_memory_reg[6][0][2][4]
                          EDFKCND1        tcbn90gtc       19.353600 n
weight_memory_reg[6][0][2][5]
                          EDFKCND1        tcbn90gtc       19.353600 n
weight_memory_reg[6][0][2][6]
                          EDFKCND1        tcbn90gtc       19.353600 n
weight_memory_reg[6][0][2][7]
                          EDFKCND1        tcbn90gtc       19.353600 n
weight_memory_reg[6][1][0][0]
                          EDFKCND1        tcbn90gtc       19.353600 n
weight_memory_reg[6][1][0][1]
                          EDFKCND1        tcbn90gtc       19.353600 n
weight_memory_reg[6][1][0][2]
                          EDFKCND1        tcbn90gtc       19.353600 n
weight_memory_reg[6][1][0][3]
                          EDFKCND1        tcbn90gtc       19.353600 n
weight_memory_reg[6][1][0][4]
                          EDFKCND1        tcbn90gtc       19.353600 n
weight_memory_reg[6][1][0][5]
                          EDFKCND1        tcbn90gtc       19.353600 n
weight_memory_reg[6][1][0][6]
                          EDFKCND1        tcbn90gtc       19.353600 n
weight_memory_reg[6][1][0][7]
                          EDFKCND1        tcbn90gtc       19.353600 n
weight_memory_reg[6][1][1][0]
                          EDFKCND1        tcbn90gtc       19.353600 n
weight_memory_reg[6][1][1][1]
                          EDFKCND1        tcbn90gtc       19.353600 n
weight_memory_reg[6][1][1][2]
                          EDFKCND1        tcbn90gtc       19.353600 n
weight_memory_reg[6][1][1][3]
                          EDFKCND1        tcbn90gtc       19.353600 n
weight_memory_reg[6][1][1][4]
                          EDFKCND1        tcbn90gtc       19.353600 n
weight_memory_reg[6][1][1][5]
                          EDFKCND1        tcbn90gtc       19.353600 n
weight_memory_reg[6][1][1][6]
                          EDFKCND1        tcbn90gtc       19.353600 n
weight_memory_reg[6][1][1][7]
                          EDFKCND1        tcbn90gtc       19.353600 n
weight_memory_reg[6][1][2][0]
                          EDFKCND1        tcbn90gtc       19.353600 n
weight_memory_reg[6][1][2][1]
                          EDFKCND1        tcbn90gtc       19.353600 n
weight_memory_reg[6][1][2][2]
                          EDFKCND1        tcbn90gtc       19.353600 n
weight_memory_reg[6][1][2][3]
                          EDFKCND1        tcbn90gtc       19.353600 n
weight_memory_reg[6][1][2][4]
                          EDFKCND1        tcbn90gtc       19.353600 n
weight_memory_reg[6][1][2][5]
                          EDFKCND1        tcbn90gtc       19.353600 n
weight_memory_reg[6][1][2][6]
                          EDFKCND1        tcbn90gtc       19.353600 n
weight_memory_reg[6][1][2][7]
                          EDFKCND1        tcbn90gtc       19.353600 n
weight_memory_reg[6][2][0][0]
                          EDFKCND1        tcbn90gtc       19.353600 n
weight_memory_reg[6][2][0][1]
                          EDFKCND1        tcbn90gtc       19.353600 n
weight_memory_reg[6][2][0][2]
                          EDFKCND1        tcbn90gtc       19.353600 n
weight_memory_reg[6][2][0][3]
                          EDFKCND1        tcbn90gtc       19.353600 n
weight_memory_reg[6][2][0][4]
                          EDFKCND1        tcbn90gtc       19.353600 n
weight_memory_reg[6][2][0][5]
                          EDFKCND1        tcbn90gtc       19.353600 n
weight_memory_reg[6][2][0][6]
                          EDFKCND1        tcbn90gtc       19.353600 n
weight_memory_reg[6][2][0][7]
                          EDFKCND1        tcbn90gtc       19.353600 n
weight_memory_reg[6][2][1][0]
                          EDFKCND1        tcbn90gtc       19.353600 n
weight_memory_reg[6][2][1][1]
                          EDFKCND1        tcbn90gtc       19.353600 n
weight_memory_reg[6][2][1][2]
                          EDFKCND1        tcbn90gtc       19.353600 n
weight_memory_reg[6][2][1][3]
                          EDFKCND1        tcbn90gtc       19.353600 n
weight_memory_reg[6][2][1][4]
                          EDFKCND1        tcbn90gtc       19.353600 n
weight_memory_reg[6][2][1][5]
                          EDFKCND1        tcbn90gtc       19.353600 n
weight_memory_reg[6][2][1][6]
                          EDFKCND1        tcbn90gtc       19.353600 n
weight_memory_reg[6][2][1][7]
                          EDFKCND1        tcbn90gtc       19.353600 n
weight_memory_reg[6][2][2][0]
                          EDFKCND1        tcbn90gtc       19.353600 n
weight_memory_reg[6][2][2][1]
                          EDFKCND1        tcbn90gtc       19.353600 n
weight_memory_reg[6][2][2][2]
                          EDFKCND1        tcbn90gtc       19.353600 n
weight_memory_reg[6][2][2][3]
                          EDFKCND1        tcbn90gtc       19.353600 n
weight_memory_reg[6][2][2][4]
                          EDFKCND1        tcbn90gtc       19.353600 n
weight_memory_reg[6][2][2][5]
                          EDFKCND1        tcbn90gtc       19.353600 n
weight_memory_reg[6][2][2][6]
                          EDFKCND1        tcbn90gtc       19.353600 n
weight_memory_reg[6][2][2][7]
                          EDFKCND1        tcbn90gtc       19.353600 n
weight_memory_reg[7][0][0][0]
                          EDFKCND1        tcbn90gtc       19.353600 n
weight_memory_reg[7][0][0][1]
                          EDFKCND1        tcbn90gtc       19.353600 n
weight_memory_reg[7][0][0][2]
                          EDFKCND1        tcbn90gtc       19.353600 n
weight_memory_reg[7][0][0][3]
                          EDFKCND1        tcbn90gtc       19.353600 n
weight_memory_reg[7][0][0][4]
                          EDFKCND1        tcbn90gtc       19.353600 n
weight_memory_reg[7][0][0][5]
                          EDFKCND1        tcbn90gtc       19.353600 n
weight_memory_reg[7][0][0][6]
                          EDFKCND1        tcbn90gtc       19.353600 n
weight_memory_reg[7][0][0][7]
                          EDFKCND1        tcbn90gtc       19.353600 n
weight_memory_reg[7][0][1][0]
                          EDFKCND1        tcbn90gtc       19.353600 n
weight_memory_reg[7][0][1][1]
                          EDFKCND1        tcbn90gtc       19.353600 n
weight_memory_reg[7][0][1][2]
                          EDFKCND1        tcbn90gtc       19.353600 n
weight_memory_reg[7][0][1][3]
                          EDFKCND1        tcbn90gtc       19.353600 n
weight_memory_reg[7][0][1][4]
                          EDFKCND1        tcbn90gtc       19.353600 n
weight_memory_reg[7][0][1][5]
                          EDFKCND1        tcbn90gtc       19.353600 n
weight_memory_reg[7][0][1][6]
                          EDFKCND1        tcbn90gtc       19.353600 n
weight_memory_reg[7][0][1][7]
                          EDFKCND1        tcbn90gtc       19.353600 n
weight_memory_reg[7][0][2][0]
                          EDFKCND1        tcbn90gtc       19.353600 n
weight_memory_reg[7][0][2][1]
                          EDFKCND1        tcbn90gtc       19.353600 n
weight_memory_reg[7][0][2][2]
                          EDFKCND1        tcbn90gtc       19.353600 n
weight_memory_reg[7][0][2][3]
                          EDFKCND1        tcbn90gtc       19.353600 n
weight_memory_reg[7][0][2][4]
                          EDFKCND1        tcbn90gtc       19.353600 n
weight_memory_reg[7][0][2][5]
                          EDFKCND1        tcbn90gtc       19.353600 n
weight_memory_reg[7][0][2][6]
                          EDFKCND1        tcbn90gtc       19.353600 n
weight_memory_reg[7][0][2][7]
                          EDFKCND1        tcbn90gtc       19.353600 n
weight_memory_reg[7][1][0][0]
                          EDFKCND1        tcbn90gtc       19.353600 n
weight_memory_reg[7][1][0][1]
                          EDFKCND1        tcbn90gtc       19.353600 n
weight_memory_reg[7][1][0][2]
                          EDFKCND1        tcbn90gtc       19.353600 n
weight_memory_reg[7][1][0][3]
                          EDFKCND1        tcbn90gtc       19.353600 n
weight_memory_reg[7][1][0][4]
                          EDFKCND1        tcbn90gtc       19.353600 n
weight_memory_reg[7][1][0][5]
                          EDFKCND1        tcbn90gtc       19.353600 n
weight_memory_reg[7][1][0][6]
                          EDFKCND1        tcbn90gtc       19.353600 n
weight_memory_reg[7][1][0][7]
                          EDFKCND1        tcbn90gtc       19.353600 n
weight_memory_reg[7][1][1][0]
                          EDFKCND1        tcbn90gtc       19.353600 n
weight_memory_reg[7][1][1][1]
                          EDFKCND1        tcbn90gtc       19.353600 n
weight_memory_reg[7][1][1][2]
                          EDFKCND1        tcbn90gtc       19.353600 n
weight_memory_reg[7][1][1][3]
                          EDFKCND1        tcbn90gtc       19.353600 n
weight_memory_reg[7][1][1][4]
                          EDFKCND1        tcbn90gtc       19.353600 n
weight_memory_reg[7][1][1][5]
                          EDFKCND1        tcbn90gtc       19.353600 n
weight_memory_reg[7][1][1][6]
                          EDFKCND1        tcbn90gtc       19.353600 n
weight_memory_reg[7][1][1][7]
                          EDFKCND1        tcbn90gtc       19.353600 n
weight_memory_reg[7][1][2][0]
                          EDFKCND1        tcbn90gtc       19.353600 n
weight_memory_reg[7][1][2][1]
                          EDFKCND1        tcbn90gtc       19.353600 n
weight_memory_reg[7][1][2][2]
                          EDFKCND1        tcbn90gtc       19.353600 n
weight_memory_reg[7][1][2][3]
                          EDFKCND1        tcbn90gtc       19.353600 n
weight_memory_reg[7][1][2][4]
                          EDFKCND1        tcbn90gtc       19.353600 n
weight_memory_reg[7][1][2][5]
                          EDFKCND1        tcbn90gtc       19.353600 n
weight_memory_reg[7][1][2][6]
                          EDFKCND1        tcbn90gtc       19.353600 n
weight_memory_reg[7][1][2][7]
                          EDFKCND1        tcbn90gtc       19.353600 n
weight_memory_reg[7][2][0][0]
                          EDFKCND1        tcbn90gtc       19.353600 n
weight_memory_reg[7][2][0][1]
                          EDFKCND1        tcbn90gtc       19.353600 n
weight_memory_reg[7][2][0][2]
                          EDFKCND1        tcbn90gtc       19.353600 n
weight_memory_reg[7][2][0][3]
                          EDFKCND1        tcbn90gtc       19.353600 n
weight_memory_reg[7][2][0][4]
                          EDFKCND1        tcbn90gtc       19.353600 n
weight_memory_reg[7][2][0][5]
                          EDFKCND1        tcbn90gtc       19.353600 n
weight_memory_reg[7][2][0][6]
                          EDFKCND1        tcbn90gtc       19.353600 n
weight_memory_reg[7][2][0][7]
                          EDFKCND1        tcbn90gtc       19.353600 n
weight_memory_reg[7][2][1][0]
                          EDFKCND1        tcbn90gtc       19.353600 n
weight_memory_reg[7][2][1][1]
                          EDFKCND1        tcbn90gtc       19.353600 n
weight_memory_reg[7][2][1][2]
                          EDFKCND1        tcbn90gtc       19.353600 n
weight_memory_reg[7][2][1][3]
                          EDFKCND1        tcbn90gtc       19.353600 n
weight_memory_reg[7][2][1][4]
                          EDFKCND1        tcbn90gtc       19.353600 n
weight_memory_reg[7][2][1][5]
                          EDFKCND1        tcbn90gtc       19.353600 n
weight_memory_reg[7][2][1][6]
                          EDFKCND1        tcbn90gtc       19.353600 n
weight_memory_reg[7][2][1][7]
                          EDFKCND1        tcbn90gtc       19.353600 n
weight_memory_reg[7][2][2][0]
                          EDFKCND1        tcbn90gtc       19.353600 n
weight_memory_reg[7][2][2][1]
                          EDFKCND1        tcbn90gtc       19.353600 n
weight_memory_reg[7][2][2][2]
                          EDFKCND1        tcbn90gtc       19.353600 n
weight_memory_reg[7][2][2][3]
                          EDFKCND1        tcbn90gtc       19.353600 n
weight_memory_reg[7][2][2][4]
                          EDFKCND1        tcbn90gtc       19.353600 n
weight_memory_reg[7][2][2][5]
                          EDFKCND1        tcbn90gtc       19.353600 n
weight_memory_reg[7][2][2][6]
                          EDFKCND1        tcbn90gtc       19.353600 n
weight_memory_reg[7][2][2][7]
                          EDFKCND1        tcbn90gtc       19.353600 n
weight_memory_reg[8][0][0][0]
                          EDFKCND1        tcbn90gtc       19.353600 n
weight_memory_reg[8][0][0][1]
                          EDFKCND1        tcbn90gtc       19.353600 n
weight_memory_reg[8][0][0][2]
                          EDFKCND1        tcbn90gtc       19.353600 n
weight_memory_reg[8][0][0][3]
                          EDFKCND1        tcbn90gtc       19.353600 n
weight_memory_reg[8][0][0][4]
                          EDFKCND1        tcbn90gtc       19.353600 n
weight_memory_reg[8][0][0][5]
                          EDFKCND1        tcbn90gtc       19.353600 n
weight_memory_reg[8][0][0][6]
                          EDFKCND1        tcbn90gtc       19.353600 n
weight_memory_reg[8][0][0][7]
                          EDFKCND1        tcbn90gtc       19.353600 n
weight_memory_reg[8][0][1][0]
                          EDFKCND1        tcbn90gtc       19.353600 n
weight_memory_reg[8][0][1][1]
                          EDFKCND1        tcbn90gtc       19.353600 n
weight_memory_reg[8][0][1][2]
                          EDFKCND1        tcbn90gtc       19.353600 n
weight_memory_reg[8][0][1][3]
                          EDFKCND1        tcbn90gtc       19.353600 n
weight_memory_reg[8][0][1][4]
                          EDFKCND1        tcbn90gtc       19.353600 n
weight_memory_reg[8][0][1][5]
                          EDFKCND1        tcbn90gtc       19.353600 n
weight_memory_reg[8][0][1][6]
                          EDFKCND1        tcbn90gtc       19.353600 n
weight_memory_reg[8][0][1][7]
                          EDFKCND1        tcbn90gtc       19.353600 n
weight_memory_reg[8][0][2][0]
                          EDFKCND1        tcbn90gtc       19.353600 n
weight_memory_reg[8][0][2][1]
                          EDFKCND1        tcbn90gtc       19.353600 n
weight_memory_reg[8][0][2][2]
                          EDFKCND1        tcbn90gtc       19.353600 n
weight_memory_reg[8][0][2][3]
                          EDFKCND1        tcbn90gtc       19.353600 n
weight_memory_reg[8][0][2][4]
                          EDFKCND1        tcbn90gtc       19.353600 n
weight_memory_reg[8][0][2][5]
                          EDFKCND1        tcbn90gtc       19.353600 n
weight_memory_reg[8][0][2][6]
                          EDFKCND1        tcbn90gtc       19.353600 n
weight_memory_reg[8][0][2][7]
                          EDFKCND1        tcbn90gtc       19.353600 n
weight_memory_reg[8][1][0][0]
                          EDFKCND1        tcbn90gtc       19.353600 n
weight_memory_reg[8][1][0][1]
                          EDFKCND1        tcbn90gtc       19.353600 n
weight_memory_reg[8][1][0][2]
                          EDFKCND1        tcbn90gtc       19.353600 n
weight_memory_reg[8][1][0][3]
                          EDFKCND1        tcbn90gtc       19.353600 n
weight_memory_reg[8][1][0][4]
                          EDFKCND1        tcbn90gtc       19.353600 n
weight_memory_reg[8][1][0][5]
                          EDFKCND1        tcbn90gtc       19.353600 n
weight_memory_reg[8][1][0][6]
                          EDFKCND1        tcbn90gtc       19.353600 n
weight_memory_reg[8][1][0][7]
                          EDFKCND1        tcbn90gtc       19.353600 n
weight_memory_reg[8][1][1][0]
                          EDFKCND1        tcbn90gtc       19.353600 n
weight_memory_reg[8][1][1][1]
                          EDFKCND1        tcbn90gtc       19.353600 n
weight_memory_reg[8][1][1][2]
                          EDFKCND1        tcbn90gtc       19.353600 n
weight_memory_reg[8][1][1][3]
                          EDFKCND1        tcbn90gtc       19.353600 n
weight_memory_reg[8][1][1][4]
                          EDFKCND1        tcbn90gtc       19.353600 n
weight_memory_reg[8][1][1][5]
                          EDFKCND1        tcbn90gtc       19.353600 n
weight_memory_reg[8][1][1][6]
                          EDFKCND1        tcbn90gtc       19.353600 n
weight_memory_reg[8][1][1][7]
                          EDFKCND1        tcbn90gtc       19.353600 n
weight_memory_reg[8][1][2][0]
                          EDFKCND1        tcbn90gtc       19.353600 n
weight_memory_reg[8][1][2][1]
                          EDFKCND1        tcbn90gtc       19.353600 n
weight_memory_reg[8][1][2][2]
                          EDFKCND1        tcbn90gtc       19.353600 n
weight_memory_reg[8][1][2][3]
                          EDFKCND1        tcbn90gtc       19.353600 n
weight_memory_reg[8][1][2][4]
                          EDFKCND1        tcbn90gtc       19.353600 n
weight_memory_reg[8][1][2][5]
                          EDFKCND1        tcbn90gtc       19.353600 n
weight_memory_reg[8][1][2][6]
                          EDFKCND1        tcbn90gtc       19.353600 n
weight_memory_reg[8][1][2][7]
                          EDFKCND1        tcbn90gtc       19.353600 n
weight_memory_reg[8][2][0][0]
                          EDFKCND1        tcbn90gtc       19.353600 n
weight_memory_reg[8][2][0][1]
                          EDFKCND1        tcbn90gtc       19.353600 n
weight_memory_reg[8][2][0][2]
                          EDFKCND1        tcbn90gtc       19.353600 n
weight_memory_reg[8][2][0][3]
                          EDFKCND1        tcbn90gtc       19.353600 n
weight_memory_reg[8][2][0][4]
                          EDFKCND1        tcbn90gtc       19.353600 n
weight_memory_reg[8][2][0][5]
                          EDFKCND1        tcbn90gtc       19.353600 n
weight_memory_reg[8][2][0][6]
                          EDFKCND1        tcbn90gtc       19.353600 n
weight_memory_reg[8][2][0][7]
                          EDFKCND1        tcbn90gtc       19.353600 n
weight_memory_reg[8][2][1][0]
                          EDFKCND1        tcbn90gtc       19.353600 n
weight_memory_reg[8][2][1][1]
                          EDFKCND1        tcbn90gtc       19.353600 n
weight_memory_reg[8][2][1][2]
                          EDFKCND1        tcbn90gtc       19.353600 n
weight_memory_reg[8][2][1][3]
                          EDFKCND1        tcbn90gtc       19.353600 n
weight_memory_reg[8][2][1][4]
                          EDFKCND1        tcbn90gtc       19.353600 n
weight_memory_reg[8][2][1][5]
                          EDFKCND1        tcbn90gtc       19.353600 n
weight_memory_reg[8][2][1][6]
                          EDFKCND1        tcbn90gtc       19.353600 n
weight_memory_reg[8][2][1][7]
                          EDFKCND1        tcbn90gtc       19.353600 n
weight_memory_reg[8][2][2][0]
                          EDFKCND1        tcbn90gtc       19.353600 n
weight_memory_reg[8][2][2][1]
                          EDFKCND1        tcbn90gtc       19.353600 n
weight_memory_reg[8][2][2][2]
                          EDFKCND1        tcbn90gtc       19.353600 n
weight_memory_reg[8][2][2][3]
                          EDFKCND1        tcbn90gtc       19.353600 n
weight_memory_reg[8][2][2][4]
                          EDFKCND1        tcbn90gtc       19.353600 n
weight_memory_reg[8][2][2][5]
                          EDFKCND1        tcbn90gtc       19.353600 n
weight_memory_reg[8][2][2][6]
                          EDFKCND1        tcbn90gtc       19.353600 n
weight_memory_reg[8][2][2][7]
                          EDFKCND1        tcbn90gtc       19.353600 n
weight_memory_reg[9][0][0][0]
                          EDFKCND1        tcbn90gtc       19.353600 n
weight_memory_reg[9][0][0][1]
                          EDFKCND1        tcbn90gtc       19.353600 n
weight_memory_reg[9][0][0][2]
                          EDFKCND1        tcbn90gtc       19.353600 n
weight_memory_reg[9][0][0][3]
                          EDFKCND1        tcbn90gtc       19.353600 n
weight_memory_reg[9][0][0][4]
                          EDFKCND1        tcbn90gtc       19.353600 n
weight_memory_reg[9][0][0][5]
                          EDFKCND1        tcbn90gtc       19.353600 n
weight_memory_reg[9][0][0][6]
                          EDFKCND1        tcbn90gtc       19.353600 n
weight_memory_reg[9][0][0][7]
                          EDFKCND1        tcbn90gtc       19.353600 n
weight_memory_reg[9][0][1][0]
                          EDFKCND1        tcbn90gtc       19.353600 n
weight_memory_reg[9][0][1][1]
                          EDFKCND1        tcbn90gtc       19.353600 n
weight_memory_reg[9][0][1][2]
                          EDFKCND1        tcbn90gtc       19.353600 n
weight_memory_reg[9][0][1][3]
                          EDFKCND1        tcbn90gtc       19.353600 n
weight_memory_reg[9][0][1][4]
                          EDFKCND1        tcbn90gtc       19.353600 n
weight_memory_reg[9][0][1][5]
                          EDFKCND1        tcbn90gtc       19.353600 n
weight_memory_reg[9][0][1][6]
                          EDFKCND1        tcbn90gtc       19.353600 n
weight_memory_reg[9][0][1][7]
                          EDFKCND1        tcbn90gtc       19.353600 n
weight_memory_reg[9][0][2][0]
                          EDFKCND1        tcbn90gtc       19.353600 n
weight_memory_reg[9][0][2][1]
                          EDFKCND1        tcbn90gtc       19.353600 n
weight_memory_reg[9][0][2][2]
                          EDFKCND1        tcbn90gtc       19.353600 n
weight_memory_reg[9][0][2][3]
                          EDFKCND1        tcbn90gtc       19.353600 n
weight_memory_reg[9][0][2][4]
                          EDFKCND1        tcbn90gtc       19.353600 n
weight_memory_reg[9][0][2][5]
                          EDFKCND1        tcbn90gtc       19.353600 n
weight_memory_reg[9][0][2][6]
                          EDFKCND1        tcbn90gtc       19.353600 n
weight_memory_reg[9][0][2][7]
                          EDFKCND1        tcbn90gtc       19.353600 n
weight_memory_reg[9][1][0][0]
                          EDFKCND1        tcbn90gtc       19.353600 n
weight_memory_reg[9][1][0][1]
                          EDFKCND1        tcbn90gtc       19.353600 n
weight_memory_reg[9][1][0][2]
                          EDFKCND1        tcbn90gtc       19.353600 n
weight_memory_reg[9][1][0][3]
                          EDFKCND1        tcbn90gtc       19.353600 n
weight_memory_reg[9][1][0][4]
                          EDFKCND1        tcbn90gtc       19.353600 n
weight_memory_reg[9][1][0][5]
                          EDFKCND1        tcbn90gtc       19.353600 n
weight_memory_reg[9][1][0][6]
                          EDFKCND1        tcbn90gtc       19.353600 n
weight_memory_reg[9][1][0][7]
                          EDFKCND1        tcbn90gtc       19.353600 n
weight_memory_reg[9][1][1][0]
                          EDFKCND1        tcbn90gtc       19.353600 n
weight_memory_reg[9][1][1][1]
                          EDFKCND1        tcbn90gtc       19.353600 n
weight_memory_reg[9][1][1][2]
                          EDFKCND1        tcbn90gtc       19.353600 n
weight_memory_reg[9][1][1][3]
                          EDFKCND1        tcbn90gtc       19.353600 n
weight_memory_reg[9][1][1][4]
                          EDFKCND1        tcbn90gtc       19.353600 n
weight_memory_reg[9][1][1][5]
                          EDFKCND1        tcbn90gtc       19.353600 n
weight_memory_reg[9][1][1][6]
                          EDFKCND1        tcbn90gtc       19.353600 n
weight_memory_reg[9][1][1][7]
                          EDFKCND1        tcbn90gtc       19.353600 n
weight_memory_reg[9][1][2][0]
                          EDFKCND1        tcbn90gtc       19.353600 n
weight_memory_reg[9][1][2][1]
                          EDFKCND1        tcbn90gtc       19.353600 n
weight_memory_reg[9][1][2][2]
                          EDFKCND1        tcbn90gtc       19.353600 n
weight_memory_reg[9][1][2][3]
                          EDFKCND1        tcbn90gtc       19.353600 n
weight_memory_reg[9][1][2][4]
                          EDFKCND1        tcbn90gtc       19.353600 n
weight_memory_reg[9][1][2][5]
                          EDFKCND1        tcbn90gtc       19.353600 n
weight_memory_reg[9][1][2][6]
                          EDFKCND1        tcbn90gtc       19.353600 n
weight_memory_reg[9][1][2][7]
                          EDFKCND1        tcbn90gtc       19.353600 n
weight_memory_reg[9][2][0][0]
                          EDFKCND1        tcbn90gtc       19.353600 n
weight_memory_reg[9][2][0][1]
                          EDFKCND1        tcbn90gtc       19.353600 n
weight_memory_reg[9][2][0][2]
                          EDFKCND1        tcbn90gtc       19.353600 n
weight_memory_reg[9][2][0][3]
                          EDFKCND1        tcbn90gtc       19.353600 n
weight_memory_reg[9][2][0][4]
                          EDFKCND1        tcbn90gtc       19.353600 n
weight_memory_reg[9][2][0][5]
                          EDFKCND1        tcbn90gtc       19.353600 n
weight_memory_reg[9][2][0][6]
                          EDFKCND1        tcbn90gtc       19.353600 n
weight_memory_reg[9][2][0][7]
                          EDFKCND1        tcbn90gtc       19.353600 n
weight_memory_reg[9][2][1][0]
                          EDFKCND1        tcbn90gtc       19.353600 n
weight_memory_reg[9][2][1][1]
                          EDFKCND1        tcbn90gtc       19.353600 n
weight_memory_reg[9][2][1][2]
                          EDFKCND1        tcbn90gtc       19.353600 n
weight_memory_reg[9][2][1][3]
                          EDFKCND1        tcbn90gtc       19.353600 n
weight_memory_reg[9][2][1][4]
                          EDFKCND1        tcbn90gtc       19.353600 n
weight_memory_reg[9][2][1][5]
                          EDFKCND1        tcbn90gtc       19.353600 n
weight_memory_reg[9][2][1][6]
                          EDFKCND1        tcbn90gtc       19.353600 n
weight_memory_reg[9][2][1][7]
                          EDFKCND1        tcbn90gtc       19.353600 n
weight_memory_reg[9][2][2][0]
                          EDFKCND1        tcbn90gtc       19.353600 n
weight_memory_reg[9][2][2][1]
                          EDFKCND1        tcbn90gtc       19.353600 n
weight_memory_reg[9][2][2][2]
                          EDFKCND1        tcbn90gtc       19.353600 n
weight_memory_reg[9][2][2][3]
                          EDFKCND1        tcbn90gtc       19.353600 n
weight_memory_reg[9][2][2][4]
                          EDFKCND1        tcbn90gtc       19.353600 n
weight_memory_reg[9][2][2][5]
                          EDFKCND1        tcbn90gtc       19.353600 n
weight_memory_reg[9][2][2][6]
                          EDFKCND1        tcbn90gtc       19.353600 n
weight_memory_reg[9][2][2][7]
                          EDFKCND1        tcbn90gtc       19.353600 n
--------------------------------------------------------------------------------
Total 888 cells                                           156579.494891
1
