 
****************************************
Report : area
Design : serial_mlp1
Version: J-2014.09
Date   : Mon Dec 23 11:10:52 2019
****************************************

Library(s) Used:

    tcbn90gtc (File: /afs/ict.kth.se/pkg/synopsys/extra_libraries/standard_cell/TSMC/tcbn90g_110a/Front_End/timing_power/tcbn90g_110a/tcbn90gtc.db)

Number of ports:                          200
Number of nets:                          8032
Number of cells:                         7832
Number of combinational cells:           4749
Number of sequential cells:              3082
Number of macros/black boxes:               0
Number of buf/inv:                       2411
Number of references:                      39

Combinational area:              98979.955588
Buf/Inv area:                    10636.415907
Noncombinational area:           60702.567650
Macro/Black Box area:                0.000000
Net Interconnect area:      undefined  (Wire load has zero net area)

Total cell area:                159682.523238
Total area:                 undefined
1
