Loading db file '/afs/ict.kth.se/pkg/synopsys/extra_libraries/standard_cell/TSMC/tcbn90g_110a/Front_End/timing_power/tcbn90g_110a/tcbn90gtc.db'
Information: Propagating switching activity (low effort zero delay simulation). (PWR-6)
Warning: Design has unannotated primary inputs. (PWR-414)
Warning: Design has unannotated sequential cell outputs. (PWR-415)
 
****************************************
Report : power
        -analysis_effort low
Design : serial_mlp1
Version: J-2014.09
Date   : Mon Dec 23 15:15:55 2019
****************************************


Library(s) Used:

    tcbn90gtc (File: /afs/ict.kth.se/pkg/synopsys/extra_libraries/standard_cell/TSMC/tcbn90g_110a/Front_End/timing_power/tcbn90g_110a/tcbn90gtc.db)


Operating Conditions: NCCOM   Library: tcbn90gtc
Wire Load Model Mode: top

Design        Wire Load Model            Library
------------------------------------------------
serial_mlp1            TSMC16K_Lowk_Conservative
                                         tcbn90gtc


Global Operating Voltage = 1    
Power-specific unit information :
    Voltage Units = 1V
    Capacitance Units = 1.000000pf
    Time Units = 1ns
    Dynamic Power Units = 1mW    (derived from V,C,T units)
    Leakage Power Units = 1nW


  Cell Internal Power  =   3.3718 mW   (96%)
  Net Switching Power  = 129.8291 uW    (4%)
                         ---------
Total Dynamic Power    =   3.5017 mW  (100%)

Cell Leakage Power     =  73.2087 uW


                 Internal         Switching           Leakage            Total
Power Group      Power            Power               Power              Power   (   %    )  Attrs
--------------------------------------------------------------------------------------------------
io_pad             0.0000            0.0000            0.0000            0.0000  (   0.00%)
memory             0.0000            0.0000            0.0000            0.0000  (   0.00%)
black_box          0.0000            0.0000            0.0000            0.0000  (   0.00%)
clock_network      0.0000            0.0000            0.0000            0.0000  (   0.00%)
register           3.3502        6.6304e-03        3.7416e+04            3.3942  (  94.95%)
sequential         0.0000            0.0000            0.0000            0.0000  (   0.00%)
combinational  2.1647e-02            0.1232        3.5793e+04            0.1806  (   5.05%)
--------------------------------------------------------------------------------------------------
Total              3.3718 mW         0.1298 mW     7.3209e+04 nW         3.5749 mW
1
