Information: Propagating switching activity (low effort zero delay simulation). (PWR-6)
Warning: Design has unannotated primary inputs. (PWR-414)
Warning: Design has unannotated sequential cell outputs. (PWR-415)
 
****************************************
Report : power
        -analysis_effort low
Design : serial_mlp1
Version: J-2014.09
Date   : Mon Dec 23 11:04:45 2019
****************************************


Library(s) Used:

    tcbn90gtc (File: /afs/ict.kth.se/pkg/synopsys/extra_libraries/standard_cell/TSMC/tcbn90g_110a/Front_End/timing_power/tcbn90g_110a/tcbn90gtc.db)


Operating Conditions: NCCOM   Library: tcbn90gtc
Wire Load Model Mode: top

Design        Wire Load Model            Library
------------------------------------------------
serial_mlp1            TSMC8K_Lowk_Conservative
                                         tcbn90gtc


Global Operating Voltage = 1    
Power-specific unit information :
    Voltage Units = 1V
    Capacitance Units = 1.000000pf
    Time Units = 1ns
    Dynamic Power Units = 1mW    (derived from V,C,T units)
    Leakage Power Units = 1nW


  Cell Internal Power  =   2.2261 mW   (97%)
  Net Switching Power  =  76.8615 uW    (3%)
                         ---------
Total Dynamic Power    =   2.3030 mW  (100%)

Cell Leakage Power     =  51.1026 uW


                 Internal         Switching           Leakage            Total
Power Group      Power            Power               Power              Power   (   %    )  Attrs
--------------------------------------------------------------------------------------------------
io_pad             0.0000            0.0000            0.0000            0.0000  (   0.00%)
memory             0.0000            0.0000            0.0000            0.0000  (   0.00%)
black_box          0.0000            0.0000            0.0000            0.0000  (   0.00%)
clock_network      0.0000            0.0000            0.0000            0.0000  (   0.00%)
register           2.2007        6.2356e-03        2.4683e+04            2.2316  (  94.80%)
sequential         0.0000            0.0000            0.0000            0.0000  (   0.00%)
combinational  2.5379e-02        7.0626e-02        2.6420e+04            0.1224  (   5.20%)
--------------------------------------------------------------------------------------------------
Total              2.2261 mW     7.6861e-02 mW     5.1103e+04 nW         2.3541 mW
1
