 
****************************************
Report : area
Design : serial_mlp1
Version: J-2014.09
Date   : Mon Dec 23 11:17:25 2019
****************************************

Library(s) Used:

    tcbn90gtc (File: /afs/ict.kth.se/pkg/synopsys/extra_libraries/standard_cell/TSMC/tcbn90g_110a/Front_End/timing_power/tcbn90g_110a/tcbn90gtc.db)

Number of ports:                           60
Number of nets:                         14341
Number of cells:                        14278
Number of combinational cells:           6095
Number of sequential cells:              8182
Number of macros/black boxes:               0
Number of buf/inv:                       2729
Number of references:                      37

Combinational area:              60310.657201
Buf/Inv area:                     6477.811094
Noncombinational area:          176924.163568
Macro/Black Box area:                0.000000
Net Interconnect area:      undefined  (Wire load has zero net area)

Total cell area:                237234.820769
Total area:                 undefined
1
