Information: Updating design information... (UID-85)
Warning: Design 'serial_mlp1' contains 2 high-fanout nets. A fanout number of 1000 will be used for delay calculations involving these nets. (TIM-134)
 
****************************************
Report : timing
        -path full
        -delay max
        -max_paths 1
Design : serial_mlp1
Version: J-2014.09
Date   : Mon Dec 23 13:34:32 2019
****************************************

 # A fanout number of 1000 was used for high fanout net computations.

Operating Conditions: NCCOM   Library: tcbn90gtc
Wire Load Model Mode: top

  Startpoint: controlled_weights_reg[0][0]
              (rising edge-triggered flip-flop clocked by clk)
  Endpoint: activation_memory_banks_reg[0][0][0]
            (rising edge-triggered flip-flop clocked by clk)
  Path Group: clk
  Path Type: max

  Des/Clust/Port     Wire Load Model       Library
  ------------------------------------------------
  serial_mlp1        TSMC512K_Lowk_Conservative
                                           tcbn90gtc

  Point                                                   Incr       Path
  --------------------------------------------------------------------------
  clock clk (rise edge)                                   0.00       0.00
  clock network delay (ideal)                             0.00       0.00
  controlled_weights_reg[0][0]/CP (DFQD1)                 0.00 #     0.00 r
  controlled_weights_reg[0][0]/Q (DFQD1)                  0.13       0.13 r
  NEURON/weights[0][0] (parallel_neuron_40_8)             0.00       0.13 r
  NEURON/mult_66/a[0] (parallel_neuron_40_8_DW_mult_uns_0)
                                                          0.00       0.13 r
  NEURON/mult_66/U126/ZN (INVD1)                          0.15       0.27 f
  NEURON/mult_66/U144/ZN (NR2D0)                          0.23       0.51 r
  NEURON/mult_66/product[0] (parallel_neuron_40_8_DW_mult_uns_0)
                                                          0.00       0.51 r
  NEURON/add_31_root_add_0_root_add_70_G39/B[0] (parallel_neuron_40_8_DW01_add_18)
                                                          0.00       0.51 r
  NEURON/add_31_root_add_0_root_add_70_G39/U1/Z (XOR2D1)
                                                          0.15       0.66 r
  NEURON/add_31_root_add_0_root_add_70_G39/SUM[0] (parallel_neuron_40_8_DW01_add_18)
                                                          0.00       0.66 r
  NEURON/add_16_root_add_0_root_add_70_G39/A[0] (parallel_neuron_40_8_DW01_add_16)
                                                          0.00       0.66 r
  NEURON/add_16_root_add_0_root_add_70_G39/U1/Z (XOR2D1)
                                                          0.12       0.78 r
  NEURON/add_16_root_add_0_root_add_70_G39/SUM[0] (parallel_neuron_40_8_DW01_add_16)
                                                          0.00       0.78 r
  NEURON/add_7_root_add_0_root_add_70_G39/A[0] (parallel_neuron_40_8_DW01_add_12)
                                                          0.00       0.78 r
  NEURON/add_7_root_add_0_root_add_70_G39/U1/Z (XOR2D1)
                                                          0.12       0.90 r
  NEURON/add_7_root_add_0_root_add_70_G39/SUM[0] (parallel_neuron_40_8_DW01_add_12)
                                                          0.00       0.90 r
  NEURON/add_2_root_add_0_root_add_70_G39/A[0] (parallel_neuron_40_8_DW01_add_2)
                                                          0.00       0.90 r
  NEURON/add_2_root_add_0_root_add_70_G39/U1/Z (XOR2D0)
                                                          0.18       1.08 r
  NEURON/add_2_root_add_0_root_add_70_G39/SUM[0] (parallel_neuron_40_8_DW01_add_2)
                                                          0.00       1.08 r
  NEURON/add_1_root_add_0_root_add_70_G39/B[0] (parallel_neuron_40_8_DW01_add_1)
                                                          0.00       1.08 r
  NEURON/add_1_root_add_0_root_add_70_G39/U2/Z (AN2D0)
                                                          0.10       1.18 r
  NEURON/add_1_root_add_0_root_add_70_G39/U1_1/S (CMPE32D1)
                                                          0.10       1.28 f
  NEURON/add_1_root_add_0_root_add_70_G39/SUM[1] (parallel_neuron_40_8_DW01_add_1)
                                                          0.00       1.28 f
  NEURON/add_0_root_add_0_root_add_70_G39/B[1] (parallel_neuron_40_8_DW01_add_0)
                                                          0.00       1.28 f
  NEURON/add_0_root_add_0_root_add_70_G39/U7/ZN (OAI211D0)
                                                          0.08       1.36 r
  NEURON/add_0_root_add_0_root_add_70_G39/U6/ZN (IOA21D0)
                                                          0.10       1.47 f
  NEURON/add_0_root_add_0_root_add_70_G39/U1/Z (OA21D1)
                                                          0.08       1.54 f
  NEURON/add_0_root_add_0_root_add_70_G39/U5/ZN (AOI21D0)
                                                          0.20       1.74 r
  NEURON/add_0_root_add_0_root_add_70_G39/U2/ZN (IOA21D1)
                                                          0.07       1.80 r
  NEURON/add_0_root_add_0_root_add_70_G39/U4/ZN (OAI21D0)
                                                          0.06       1.86 f
  NEURON/add_0_root_add_0_root_add_70_G39/U1_4/CO (FA1D1)
                                                          0.08       1.94 f
  NEURON/add_0_root_add_0_root_add_70_G39/U1_5/CO (CMPE32D1)
                                                          0.06       2.01 f
  NEURON/add_0_root_add_0_root_add_70_G39/U1_6/CO (CMPE32D1)
                                                          0.06       2.07 f
  NEURON/add_0_root_add_0_root_add_70_G39/U1_7/CO (FA1D1)
                                                          0.06       2.13 f
  NEURON/add_0_root_add_0_root_add_70_G39/U1_8/CO (CMPE32D1)
                                                          0.06       2.19 f
  NEURON/add_0_root_add_0_root_add_70_G39/U1_9/CO (FA1D1)
                                                          0.06       2.25 f
  NEURON/add_0_root_add_0_root_add_70_G39/U1_10/CO (CMPE32D1)
                                                          0.06       2.32 f
  NEURON/add_0_root_add_0_root_add_70_G39/U1_11/CO (FA1D1)
                                                          0.06       2.38 f
  NEURON/add_0_root_add_0_root_add_70_G39/U1_12/CO (CMPE32D1)
                                                          0.06       2.44 f
  NEURON/add_0_root_add_0_root_add_70_G39/U1_13/CO (FA1D1)
                                                          0.06       2.50 f
  NEURON/add_0_root_add_0_root_add_70_G39/U1_14/CO (FA1D1)
                                                          0.06       2.56 f
  NEURON/add_0_root_add_0_root_add_70_G39/U1_15/Z (XOR3D1)
                                                          0.10       2.66 f
  NEURON/add_0_root_add_0_root_add_70_G39/SUM[15] (parallel_neuron_40_8_DW01_add_0)
                                                          0.00       2.66 f
  NEURON/U2/ZN (NR4D0)                                    0.09       2.75 r
  NEURON/U11/Z (BUFFD1)                                   0.28       3.03 r
  NEURON/U8/ZN (IND2D1)                                   0.10       3.13 f
  NEURON/activation_ReLU/activ_in[6] (activationReLU_40_6_8)
                                                          0.00       3.13 f
  NEURON/activation_ReLU/U5/Z (OR4D1)                     0.13       3.26 f
  NEURON/activation_ReLU/U3/Z (OA21D1)                    0.17       3.43 f
  NEURON/activation_ReLU/U13/Z (AN2D0)                    0.16       3.59 f
  NEURON/activation_ReLU/activ_out[0] (activationReLU_40_6_8)
                                                          0.00       3.59 f
  NEURON/output[0] (parallel_neuron_40_8)                 0.00       3.59 f
  U158301/Z (BUFFD0)                                      0.11       3.70 f
  U180853/Z (BUFFD0)                                      0.07       3.77 f
  U180852/Z (BUFFD0)                                      0.26       4.03 f
  U198646/ZN (ND2D1)                                      0.12       4.15 r
  U198182/Z (BUFFD0)                                      0.12       4.27 r
  U197413/Z (BUFFD0)                                      0.12       4.39 r
  U196012/Z (BUFFD0)                                      0.37       4.75 r
  U218918/ZN (OAI222D0)                                   0.13       4.88 f
  activation_memory_banks_reg[0][0][0]/D (DFQD1)          0.00       4.88 f
  data arrival time                                                  4.88

  clock clk (rise edge)                                   5.00       5.00
  clock network delay (ideal)                             0.00       5.00
  activation_memory_banks_reg[0][0][0]/CP (DFQD1)         0.00       5.00 r
  library setup time                                     -0.06       4.94
  data required time                                                 4.94
  --------------------------------------------------------------------------
  data required time                                                 4.94
  data arrival time                                                 -4.88
  --------------------------------------------------------------------------
  slack (MET)                                                        0.06


1
