Loading db file '/afs/ict.kth.se/pkg/synopsys/extra_libraries/standard_cell/TSMC/tcbn90g_110a/Front_End/timing_power/tcbn90g_110a/tcbn90gtc.db'
Information: Propagating switching activity (low effort zero delay simulation). (PWR-6)
Warning: Design has unannotated primary inputs. (PWR-414)
Warning: Design has unannotated sequential cell outputs. (PWR-415)
 
****************************************
Report : power
        -analysis_effort low
Design : serial_mlp1
Version: J-2014.09
Date   : Mon Dec 23 15:59:16 2019
****************************************


Library(s) Used:

    tcbn90gtc (File: /afs/ict.kth.se/pkg/synopsys/extra_libraries/standard_cell/TSMC/tcbn90g_110a/Front_End/timing_power/tcbn90g_110a/tcbn90gtc.db)


Operating Conditions: NCCOM   Library: tcbn90gtc
Wire Load Model Mode: top

Design        Wire Load Model            Library
------------------------------------------------
serial_mlp1            TSMC8K_Lowk_Conservative
                                         tcbn90gtc


Global Operating Voltage = 1    
Power-specific unit information :
    Voltage Units = 1V
    Capacitance Units = 1.000000pf
    Time Units = 1ns
    Dynamic Power Units = 1mW    (derived from V,C,T units)
    Leakage Power Units = 1nW


  Cell Internal Power  =   2.2463 mW   (96%)
  Net Switching Power  =  85.2075 uW    (4%)
                         ---------
Total Dynamic Power    =   2.3315 mW  (100%)

Cell Leakage Power     =  50.9593 uW


                 Internal         Switching           Leakage            Total
Power Group      Power            Power               Power              Power   (   %    )  Attrs
--------------------------------------------------------------------------------------------------
io_pad             0.0000            0.0000            0.0000            0.0000  (   0.00%)
memory             0.0000            0.0000            0.0000            0.0000  (   0.00%)
black_box          0.0000            0.0000            0.0000            0.0000  (   0.00%)
clock_network      0.0000            0.0000            0.0000            0.0000  (   0.00%)
register           2.2019        6.7951e-03        2.4500e+04            2.2332  (  93.73%)
sequential         0.0000            0.0000            0.0000            0.0000  (   0.00%)
combinational  4.4416e-02        7.8412e-02        2.6460e+04            0.1493  (   6.27%)
--------------------------------------------------------------------------------------------------
Total              2.2463 mW     8.5207e-02 mW     5.0959e+04 nW         2.3825 mW
1
