Information: Updating design information... (UID-85)
Warning: Design 'serial_mlp1' contains 1 high-fanout nets. A fanout number of 1000 will be used for delay calculations involving these nets. (TIM-134)
 
****************************************
Report : timing
        -path full
        -delay max
        -max_paths 1
Design : serial_mlp1
Version: J-2014.09
Date   : Mon Dec 23 11:31:22 2019
****************************************

 # A fanout number of 1000 was used for high fanout net computations.

Operating Conditions: NCCOM   Library: tcbn90gtc
Wire Load Model Mode: top

  Startpoint: data_to_neuron_reg[4][0]
              (rising edge-triggered flip-flop clocked by clk)
  Endpoint: activation_memory_banks_reg[0][0][7]
            (rising edge-triggered flip-flop clocked by clk)
  Path Group: clk
  Path Type: max

  Des/Clust/Port     Wire Load Model       Library
  ------------------------------------------------
  serial_mlp1        TSMC128K_Lowk_Conservative
                                           tcbn90gtc

  Point                                                   Incr       Path
  --------------------------------------------------------------------------
  clock clk (rise edge)                                   0.00       0.00
  clock network delay (ideal)                             0.00       0.00
  data_to_neuron_reg[4][0]/CP (DFQD1)                     0.00 #     0.00 r
  data_to_neuron_reg[4][0]/Q (DFQD1)                      0.11       0.11 r
  NEURON/inputs[4][0] (parallel_neuron_15_8)              0.00       0.11 r
  NEURON/mult_66_G5/b[0] (parallel_neuron_15_8_DW_mult_uns_4)
                                                          0.00       0.11 r
  NEURON/mult_66_G5/U127/ZN (INVD1)                       0.08       0.19 f
  NEURON/mult_66_G5/U165/ZN (NR2D0)                       0.13       0.32 r
  NEURON/mult_66_G5/U15/S (CMPE22D1)                      0.10       0.42 r
  NEURON/mult_66_G5/product[1] (parallel_neuron_15_8_DW_mult_uns_4)
                                                          0.00       0.42 r
  NEURON/add_11_root_add_0_root_add_70_G14/A[1] (parallel_neuron_15_8_DW01_add_4)
                                                          0.00       0.42 r
  NEURON/add_11_root_add_0_root_add_70_G14/U1_1/S (CMPE32D1)
                                                          0.12       0.55 r
  NEURON/add_11_root_add_0_root_add_70_G14/SUM[1] (parallel_neuron_15_8_DW01_add_4)
                                                          0.00       0.55 r
  NEURON/add_4_root_add_0_root_add_70_G14/A[1] (parallel_neuron_15_8_DW01_add_3)
                                                          0.00       0.55 r
  NEURON/add_4_root_add_0_root_add_70_G14/U1_1/S (CMPE32D1)
                                                          0.12       0.67 r
  NEURON/add_4_root_add_0_root_add_70_G14/SUM[1] (parallel_neuron_15_8_DW01_add_3)
                                                          0.00       0.67 r
  NEURON/add_1_root_add_0_root_add_70_G14/A[1] (parallel_neuron_15_8_DW01_add_1)
                                                          0.00       0.67 r
  NEURON/add_1_root_add_0_root_add_70_G14/U1_1/S (CMPE32D1)
                                                          0.13       0.80 f
  NEURON/add_1_root_add_0_root_add_70_G14/SUM[1] (parallel_neuron_15_8_DW01_add_1)
                                                          0.00       0.80 f
  NEURON/add_0_root_add_0_root_add_70_G14/B[1] (parallel_neuron_15_8_DW01_add_0)
                                                          0.00       0.80 f
  NEURON/add_0_root_add_0_root_add_70_G14/U7/ZN (OAI211D0)
                                                          0.07       0.87 r
  NEURON/add_0_root_add_0_root_add_70_G14/U6/ZN (IOA21D0)
                                                          0.07       0.94 f
  NEURON/add_0_root_add_0_root_add_70_G14/U5/Z (OA21D0)
                                                          0.09       1.02 f
  NEURON/add_0_root_add_0_root_add_70_G14/U4/ZN (AOI21D0)
                                                          0.13       1.15 r
  NEURON/add_0_root_add_0_root_add_70_G14/U3/ZN (IOA21D0)
                                                          0.08       1.23 r
  NEURON/add_0_root_add_0_root_add_70_G14/U2/ZN (OAI21D0)
                                                          0.06       1.29 f
  NEURON/add_0_root_add_0_root_add_70_G14/U1_4/CO (CMPE32D1)
                                                          0.08       1.37 f
  NEURON/add_0_root_add_0_root_add_70_G14/U1_5/CO (CMPE32D1)
                                                          0.06       1.43 f
  NEURON/add_0_root_add_0_root_add_70_G14/U1_6/CO (CMPE32D1)
                                                          0.06       1.49 f
  NEURON/add_0_root_add_0_root_add_70_G14/U1_7/CO (CMPE32D1)
                                                          0.06       1.55 f
  NEURON/add_0_root_add_0_root_add_70_G14/U1_8/CO (CMPE32D1)
                                                          0.06       1.61 f
  NEURON/add_0_root_add_0_root_add_70_G14/U1_9/CO (CMPE32D1)
                                                          0.06       1.67 f
  NEURON/add_0_root_add_0_root_add_70_G14/U1_10/CO (CMPE32D1)
                                                          0.06       1.74 f
  NEURON/add_0_root_add_0_root_add_70_G14/U1_11/CO (CMPE32D1)
                                                          0.06       1.80 f
  NEURON/add_0_root_add_0_root_add_70_G14/U1_12/CO (CMPE32D1)
                                                          0.06       1.86 f
  NEURON/add_0_root_add_0_root_add_70_G14/U1_13/CO (CMPE32D1)
                                                          0.06       1.92 f
  NEURON/add_0_root_add_0_root_add_70_G14/U1_14/CO (CMPE32D1)
                                                          0.06       1.98 f
  NEURON/add_0_root_add_0_root_add_70_G14/U1_15/Z (XOR3D1)
                                                          0.10       2.08 f
  NEURON/add_0_root_add_0_root_add_70_G14/SUM[15] (parallel_neuron_15_8_DW01_add_0)
                                                          0.00       2.08 f
  NEURON/U10/ZN (NR4D1)                                   0.30       2.38 r
  NEURON/U6/ZN (IND2D0)                                   0.11       2.48 f
  NEURON/activation_ReLU/activ_in[5] (activationReLU_15_4_8)
                                                          0.00       2.48 f
  NEURON/activation_ReLU/U5/Z (OR4D1)                     0.13       2.61 f
  NEURON/activation_ReLU/U3/Z (OA21D1)                    0.12       2.73 f
  NEURON/activation_ReLU/U6/Z (AN2D0)                     0.09       2.81 f
  NEURON/activation_ReLU/activ_out[7] (activationReLU_15_4_8)
                                                          0.00       2.81 f
  NEURON/output[7] (parallel_neuron_15_8)                 0.00       2.81 f
  U23458/Z (BUFFD1)                                       0.18       2.99 f
  U22197/ZN (ND2D1)                                       0.27       3.27 r
  U26801/ZN (OAI222D0)                                    0.11       3.38 f
  activation_memory_banks_reg[0][0][7]/D (DFQD1)          0.00       3.38 f
  data arrival time                                                  3.38

  clock clk (rise edge)                                   5.00       5.00
  clock network delay (ideal)                             0.00       5.00
  activation_memory_banks_reg[0][0][7]/CP (DFQD1)         0.00       5.00 r
  library setup time                                     -0.05       4.95
  data required time                                                 4.95
  --------------------------------------------------------------------------
  data required time                                                 4.95
  data arrival time                                                 -3.38
  --------------------------------------------------------------------------
  slack (MET)                                                        1.57


1
