Information: Propagating switching activity (low effort zero delay simulation). (PWR-6)
Warning: Design has unannotated primary inputs. (PWR-414)
Warning: Design has unannotated sequential cell outputs. (PWR-415)
 
****************************************
Report : power
        -analysis_effort low
Design : serial_mlp1
Version: J-2014.09
Date   : Mon Dec 23 11:31:26 2019
****************************************


Library(s) Used:

    tcbn90gtc (File: /afs/ict.kth.se/pkg/synopsys/extra_libraries/standard_cell/TSMC/tcbn90g_110a/Front_End/timing_power/tcbn90g_110a/tcbn90gtc.db)


Operating Conditions: NCCOM   Library: tcbn90gtc
Wire Load Model Mode: top

Design        Wire Load Model            Library
------------------------------------------------
serial_mlp1            TSMC128K_Lowk_Conservative
                                         tcbn90gtc


Global Operating Voltage = 1    
Power-specific unit information :
    Voltage Units = 1V
    Capacitance Units = 1.000000pf
    Time Units = 1ns
    Dynamic Power Units = 1mW    (derived from V,C,T units)
    Leakage Power Units = 1nW


  Cell Internal Power  =  27.1585 mW   (97%)
  Net Switching Power  = 880.4152 uW    (3%)
                         ---------
Total Dynamic Power    =  28.0389 mW  (100%)

Cell Leakage Power     = 495.3295 uW


                 Internal         Switching           Leakage            Total
Power Group      Power            Power               Power              Power   (   %    )  Attrs
--------------------------------------------------------------------------------------------------
io_pad             0.0000            0.0000            0.0000            0.0000  (   0.00%)
memory             0.0000            0.0000            0.0000            0.0000  (   0.00%)
black_box          0.0000            0.0000            0.0000            0.0000  (   0.00%)
clock_network      0.0000            0.0000            0.0000            0.0000  (   0.00%)
register          27.0613        1.5176e-02        3.0256e+05           27.3791  (  95.95%)
sequential         0.0000            0.0000            0.0000            0.0000  (   0.00%)
combinational  9.7117e-02            0.8653        1.9277e+05            1.1551  (   4.05%)
--------------------------------------------------------------------------------------------------
Total             27.1585 mW         0.8804 mW     4.9533e+05 nW        28.5342 mW
1
