 
****************************************
Report : area
Design : serial_mlp1
Version: J-2014.09
Date   : Mon Dec 23 11:12:17 2019
****************************************

Library(s) Used:

    tcbn90gtc (File: /afs/ict.kth.se/pkg/synopsys/extra_libraries/standard_cell/TSMC/tcbn90g_110a/Front_End/timing_power/tcbn90g_110a/tcbn90gtc.db)

Number of ports:                           58
Number of nets:                          3975
Number of cells:                         3918
Number of combinational cells:           1737
Number of sequential cells:              2180
Number of macros/black boxes:               0
Number of buf/inv:                        565
Number of references:                      35

Combinational area:              20511.590576
Buf/Inv area:                     1260.403192
Noncombinational area:           46259.943295
Macro/Black Box area:                0.000000
Net Interconnect area:      undefined  (Wire load has zero net area)

Total cell area:                 66771.533870
Total area:                 undefined
1
