Information: Propagating switching activity (low effort zero delay simulation). (PWR-6)
Warning: Design has unannotated primary inputs. (PWR-414)
Warning: Design has unannotated sequential cell outputs. (PWR-415)
 
****************************************
Report : power
        -analysis_effort low
Design : serial_mlp1
Version: J-2014.09
Date   : Mon Dec 23 11:05:30 2019
****************************************


Library(s) Used:

    tcbn90gtc (File: /afs/ict.kth.se/pkg/synopsys/extra_libraries/standard_cell/TSMC/tcbn90g_110a/Front_End/timing_power/tcbn90g_110a/tcbn90gtc.db)


Operating Conditions: NCCOM   Library: tcbn90gtc
Wire Load Model Mode: top

Design        Wire Load Model            Library
------------------------------------------------
serial_mlp1            TSMC16K_Lowk_Conservative
                                         tcbn90gtc


Global Operating Voltage = 1    
Power-specific unit information :
    Voltage Units = 1V
    Capacitance Units = 1.000000pf
    Time Units = 1ns
    Dynamic Power Units = 1mW    (derived from V,C,T units)
    Leakage Power Units = 1nW


  Cell Internal Power  =   4.5400 mW   (96%)
  Net Switching Power  = 203.5536 uW    (4%)
                         ---------
Total Dynamic Power    =   4.7436 mW  (100%)

Cell Leakage Power     = 126.7997 uW


                 Internal         Switching           Leakage            Total
Power Group      Power            Power               Power              Power   (   %    )  Attrs
--------------------------------------------------------------------------------------------------
io_pad             0.0000            0.0000            0.0000            0.0000  (   0.00%)
memory             0.0000            0.0000            0.0000            0.0000  (   0.00%)
black_box          0.0000            0.0000            0.0000            0.0000  (   0.00%)
clock_network      0.0000            0.0000            0.0000            0.0000  (   0.00%)
register           4.4059        1.2655e-02        5.0141e+04            4.4687  (  91.75%)
sequential         0.0000            0.0000            0.0000            0.0000  (   0.00%)
combinational      0.1342            0.1909        7.6659e+04            0.4017  (   8.25%)
--------------------------------------------------------------------------------------------------
Total              4.5400 mW         0.2036 mW     1.2680e+05 nW         4.8704 mW
1
