Information: Updating design information... (UID-85)
Warning: Design 'serial_mlp1' contains 2 high-fanout nets. A fanout number of 1000 will be used for delay calculations involving these nets. (TIM-134)
 
****************************************
Report : timing
        -path full
        -delay max
        -max_paths 1
Design : serial_mlp1
Version: J-2014.09
Date   : Mon Dec 23 11:05:28 2019
****************************************

 # A fanout number of 1000 was used for high fanout net computations.

Operating Conditions: NCCOM   Library: tcbn90gtc
Wire Load Model Mode: top

  Startpoint: controlled_weights_reg[4][5]
              (rising edge-triggered flip-flop clocked by clk)
  Endpoint: activation_memory_banks_reg[0][0][0]
            (rising edge-triggered flip-flop clocked by clk)
  Path Group: clk
  Path Type: max

  Des/Clust/Port     Wire Load Model       Library
  ------------------------------------------------
  serial_mlp1        TSMC16K_Lowk_Conservative
                                           tcbn90gtc

  Point                                                   Incr       Path
  --------------------------------------------------------------------------
  clock clk (rise edge)                                   0.00       0.00
  clock network delay (ideal)                             0.00       0.00
  controlled_weights_reg[4][5]/CP (DFQD1)                 0.00 #     0.00 r
  controlled_weights_reg[4][5]/Q (DFQD1)                  0.11       0.11 f
  NEURON/weights[4][5] (parallel_neuron_5_16)             0.00       0.11 f
  NEURON/mult_66_G5/a[5] (parallel_neuron_5_16_DW_mult_uns_4)
                                                          0.00       0.11 f
  NEURON/mult_66_G5/U567/ZN (INVD1)                       0.26       0.37 r
  NEURON/mult_66_G5/U883/ZN (XNR2D0)                      0.17       0.54 r
  NEURON/mult_66_G5/U564/ZN (ND2D1)                       0.18       0.71 f
  NEURON/mult_66_G5/U882/ZN (OAI32D0)                     0.21       0.93 r
  NEURON/mult_66_G5/U159/S (CMPE22D1)                     0.13       1.06 r
  NEURON/mult_66_G5/U548/S (FA1D1)                        0.08       1.14 f
  NEURON/mult_66_G5/U78/CO (CMPE32D1)                     0.10       1.25 f
  NEURON/mult_66_G5/U544/CO (FA1D1)                       0.06       1.31 f
  NEURON/mult_66_G5/U76/CO (CMPE32D1)                     0.06       1.37 f
  NEURON/mult_66_G5/U543/CO (FA1D1)                       0.06       1.43 f
  NEURON/mult_66_G5/U74/CO (CMPE32D1)                     0.06       1.49 f
  NEURON/mult_66_G5/U541/CO (FA1D1)                       0.06       1.55 f
  NEURON/mult_66_G5/U72/CO (CMPE32D1)                     0.06       1.61 f
  NEURON/mult_66_G5/U542/CO (FA1D1)                       0.06       1.67 f
  NEURON/mult_66_G5/U70/CO (CMPE32D1)                     0.06       1.73 f
  NEURON/mult_66_G5/U69/CO (CMPE32D1)                     0.06       1.79 f
  NEURON/mult_66_G5/U537/CO (FA1D1)                       0.06       1.86 f
  NEURON/mult_66_G5/U67/CO (CMPE32D1)                     0.06       1.92 f
  NEURON/mult_66_G5/U536/CO (FA1D1)                       0.06       1.98 f
  NEURON/mult_66_G5/U65/CO (CMPE32D1)                     0.06       2.04 f
  NEURON/mult_66_G5/U535/CO (FA1D1)                       0.06       2.10 f
  NEURON/mult_66_G5/U63/CO (CMPE32D1)                     0.06       2.16 f
  NEURON/mult_66_G5/U534/CO (FA1D1)                       0.06       2.22 f
  NEURON/mult_66_G5/U61/CO (CMPE32D1)                     0.06       2.28 f
  NEURON/mult_66_G5/U538/CO (FA1D1)                       0.06       2.34 f
  NEURON/mult_66_G5/U59/CO (CMPE32D1)                     0.06       2.40 f
  NEURON/mult_66_G5/U58/CO (CMPE32D1)                     0.06       2.47 f
  NEURON/mult_66_G5/U539/CO (FA1D1)                       0.06       2.53 f
  NEURON/mult_66_G5/U56/CO (CMPE32D1)                     0.06       2.59 f
  NEURON/mult_66_G5/U540/CO (FA1D1)                       0.06       2.65 f
  NEURON/mult_66_G5/U54/CO (CMPE32D1)                     0.06       2.71 f
  NEURON/mult_66_G5/U545/CO (FA1D1)                       0.06       2.77 f
  NEURON/mult_66_G5/U600/ZN (XNR3D0)                      0.18       2.94 r
  NEURON/mult_66_G5/U549/ZN (XNR3D1)                      0.15       3.09 r
  NEURON/mult_66_G5/product[31] (parallel_neuron_5_16_DW_mult_uns_4)
                                                          0.00       3.09 r
  NEURON/add_2_root_add_0_root_add_70_G4/A[31] (parallel_neuron_5_16_DW01_add_3)
                                                          0.00       3.09 r
  NEURON/add_2_root_add_0_root_add_70_G4/U1_31/Z (XOR3D1)
                                                          0.16       3.25 f
  NEURON/add_2_root_add_0_root_add_70_G4/SUM[31] (parallel_neuron_5_16_DW01_add_3)
                                                          0.00       3.25 f
  NEURON/add_1_root_add_0_root_add_70_G4/B[31] (parallel_neuron_5_16_DW01_add_2)
                                                          0.00       3.25 f
  NEURON/add_1_root_add_0_root_add_70_G4/U1_31/Z (XOR3D1)
                                                          0.15       3.40 f
  NEURON/add_1_root_add_0_root_add_70_G4/SUM[31] (parallel_neuron_5_16_DW01_add_2)
                                                          0.00       3.40 f
  NEURON/add_0_root_add_0_root_add_70_G4/B[31] (parallel_neuron_5_16_DW01_add_0)
                                                          0.00       3.40 f
  NEURON/add_0_root_add_0_root_add_70_G4/U1_31/Z (XOR3D1)
                                                          0.15       3.55 f
  NEURON/add_0_root_add_0_root_add_70_G4/SUM[31] (parallel_neuron_5_16_DW01_add_0)
                                                          0.00       3.55 f
  NEURON/U20/ZN (NR4D0)                                   0.07       3.62 r
  NEURON/U18/ZN (ND2D1)                                   0.18       3.79 f
  NEURON/U2/Z (OR2D1)                                     0.09       3.88 f
  NEURON/activation_ReLU/activ_in[9] (activationReLU_5_3_16)
                                                          0.00       3.88 f
  NEURON/activation_ReLU/U23/Z (OR4D0)                    0.15       4.02 f
  NEURON/activation_ReLU/U24/Z (OR4D0)                    0.15       4.18 f
  NEURON/activation_ReLU/U3/Z (AO22D0)                    0.24       4.42 f
  NEURON/activation_ReLU/U12/Z (AN2D0)                    0.19       4.61 f
  NEURON/activation_ReLU/activ_out[0] (activationReLU_5_3_16)
                                                          0.00       4.61 f
  NEURON/output[0] (parallel_neuron_5_16)                 0.00       4.61 f
  U1608/ZN (INVD1)                                        0.11       4.72 r
  U2367/ZN (OAI222D0)                                     0.09       4.81 f
  activation_memory_banks_reg[0][0][0]/D (DFQD1)          0.00       4.81 f
  data arrival time                                                  4.81

  clock clk (rise edge)                                   5.00       5.00
  clock network delay (ideal)                             0.00       5.00
  activation_memory_banks_reg[0][0][0]/CP (DFQD1)         0.00       5.00 r
  library setup time                                     -0.06       4.94
  data required time                                                 4.94
  --------------------------------------------------------------------------
  data required time                                                 4.94
  data arrival time                                                 -4.81
  --------------------------------------------------------------------------
  slack (MET)                                                        0.13


1
