 
****************************************
Report : area
Design : serial_mlp1
Version: J-2014.09
Date   : Mon Dec 23 15:15:54 2019
****************************************

Library(s) Used:

    tcbn90gtc (File: /afs/ict.kth.se/pkg/synopsys/extra_libraries/standard_cell/TSMC/tcbn90g_110a/Front_End/timing_power/tcbn90g_110a/tcbn90gtc.db)

Number of ports:                           57
Number of nets:                          2293
Number of cells:                         2237
Number of combinational cells:           1057
Number of sequential cells:              1179
Number of macros/black boxes:               0
Number of buf/inv:                        321
Number of references:                      31

Combinational area:              14082.163327
Buf/Inv area:                      749.951996
Noncombinational area:           24473.434049
Macro/Black Box area:                0.000000
Net Interconnect area:      undefined  (Wire load has zero net area)

Total cell area:                 38555.597376
Total area:                 undefined
1
