Information: Updating design information... (UID-85)
Warning: Design 'serial_mlp1' contains 2 high-fanout nets. A fanout number of 1000 will be used for delay calculations involving these nets. (TIM-134)
 
****************************************
Report : timing
        -path full
        -delay max
        -max_paths 1
Design : serial_mlp1
Version: J-2014.09
Date   : Mon Dec 23 11:25:20 2019
****************************************

 # A fanout number of 1000 was used for high fanout net computations.

Operating Conditions: NCCOM   Library: tcbn90gtc
Wire Load Model Mode: top

  Startpoint: controlled_weights_reg[1][0]
              (rising edge-triggered flip-flop clocked by clk)
  Endpoint: activation_memory_banks_reg[0][1][0]
            (rising edge-triggered flip-flop clocked by clk)
  Path Group: clk
  Path Type: max

  Des/Clust/Port     Wire Load Model       Library
  ------------------------------------------------
  serial_mlp1        TSMC256K_Lowk_Conservative
                                           tcbn90gtc

  Point                                                   Incr       Path
  --------------------------------------------------------------------------
  clock clk (rise edge)                                   0.00       0.00
  clock network delay (ideal)                             0.00       0.00
  controlled_weights_reg[1][0]/CP (DFQD1)                 0.00 #     0.00 r
  controlled_weights_reg[1][0]/Q (DFQD1)                  0.12       0.12 r
  NEURON/weights[1][0] (parallel_neuron_5_8)              0.00       0.12 r
  NEURON/mult_66_G2/a[0] (parallel_neuron_5_8_DW_mult_uns_1)
                                                          0.00       0.12 r
  NEURON/mult_66_G2/U126/ZN (INVD1)                       0.10       0.22 f
  NEURON/mult_66_G2/U142/ZN (NR2D0)                       0.17       0.39 r
  NEURON/mult_66_G2/product[0] (parallel_neuron_5_8_DW_mult_uns_1)
                                                          0.00       0.39 r
  NEURON/add_2_root_add_0_root_add_70_G4/B[0] (parallel_neuron_5_8_DW01_add_3)
                                                          0.00       0.39 r
  NEURON/add_2_root_add_0_root_add_70_G4/U2/Z (AN2D0)     0.10       0.49 r
  NEURON/add_2_root_add_0_root_add_70_G4/U1_1/S (CMPE32D1)
                                                          0.10       0.59 r
  NEURON/add_2_root_add_0_root_add_70_G4/SUM[1] (parallel_neuron_5_8_DW01_add_3)
                                                          0.00       0.59 r
  NEURON/add_1_root_add_0_root_add_70_G4/B[1] (parallel_neuron_5_8_DW01_add_2)
                                                          0.00       0.59 r
  NEURON/add_1_root_add_0_root_add_70_G4/U1_1/S (CMPE32D1)
                                                          0.13       0.72 f
  NEURON/add_1_root_add_0_root_add_70_G4/SUM[1] (parallel_neuron_5_8_DW01_add_2)
                                                          0.00       0.72 f
  NEURON/add_0_root_add_0_root_add_70_G4/B[1] (parallel_neuron_5_8_DW01_add_0)
                                                          0.00       0.72 f
  NEURON/add_0_root_add_0_root_add_70_G4/U7/ZN (OAI211D0)
                                                          0.07       0.79 r
  NEURON/add_0_root_add_0_root_add_70_G4/U6/ZN (IOA21D0)
                                                          0.08       0.87 f
  NEURON/add_0_root_add_0_root_add_70_G4/U5/Z (OA21D0)
                                                          0.09       0.96 f
  NEURON/add_0_root_add_0_root_add_70_G4/U4/ZN (AOI21D0)
                                                          0.15       1.11 r
  NEURON/add_0_root_add_0_root_add_70_G4/U3/ZN (IOA21D0)
                                                          0.08       1.19 r
  NEURON/add_0_root_add_0_root_add_70_G4/U2/ZN (OAI21D0)
                                                          0.06       1.25 f
  NEURON/add_0_root_add_0_root_add_70_G4/U1_4/CO (CMPE32D1)
                                                          0.08       1.32 f
  NEURON/add_0_root_add_0_root_add_70_G4/U1_5/CO (CMPE32D1)
                                                          0.06       1.38 f
  NEURON/add_0_root_add_0_root_add_70_G4/U1_6/CO (CMPE32D1)
                                                          0.06       1.45 f
  NEURON/add_0_root_add_0_root_add_70_G4/U1_7/CO (CMPE32D1)
                                                          0.06       1.51 f
  NEURON/add_0_root_add_0_root_add_70_G4/U1_8/CO (CMPE32D1)
                                                          0.06       1.57 f
  NEURON/add_0_root_add_0_root_add_70_G4/U1_9/CO (CMPE32D1)
                                                          0.06       1.63 f
  NEURON/add_0_root_add_0_root_add_70_G4/U1_10/CO (CMPE32D1)
                                                          0.06       1.69 f
  NEURON/add_0_root_add_0_root_add_70_G4/U1_11/CO (CMPE32D1)
                                                          0.06       1.75 f
  NEURON/add_0_root_add_0_root_add_70_G4/U1_12/CO (CMPE32D1)
                                                          0.06       1.81 f
  NEURON/add_0_root_add_0_root_add_70_G4/U1_13/CO (CMPE32D1)
                                                          0.06       1.88 f
  NEURON/add_0_root_add_0_root_add_70_G4/U1_14/CO (CMPE32D1)
                                                          0.06       1.93 f
  NEURON/add_0_root_add_0_root_add_70_G4/U1_15/Z (XOR3D1)
                                                          0.10       2.04 f
  NEURON/add_0_root_add_0_root_add_70_G4/SUM[15] (parallel_neuron_5_8_DW01_add_0)
                                                          0.00       2.04 f
  NEURON/U10/ZN (NR4D1)                                   0.36       2.40 r
  NEURON/U6/ZN (IND2D0)                                   0.13       2.53 f
  NEURON/activation_ReLU/activ_in[5] (activationReLU_5_3_8)
                                                          0.00       2.53 f
  NEURON/activation_ReLU/U13/Z (OR4D1)                    0.13       2.66 f
  NEURON/activation_ReLU/U11/Z (OA21D1)                   0.13       2.80 f
  NEURON/activation_ReLU/U10/Z (AN2D0)                    0.28       3.08 f
  NEURON/activation_ReLU/activ_out[0] (activationReLU_5_3_8)
                                                          0.00       3.08 f
  NEURON/output[0] (parallel_neuron_5_8)                  0.00       3.08 f
  U41682/ZN (ND2D1)                                       0.18       3.26 r
  U45282/ZN (OAI222D0)                                    0.09       3.35 f
  activation_memory_banks_reg[0][1][0]/D (DFQD1)          0.00       3.35 f
  data arrival time                                                  3.35

  clock clk (rise edge)                                   5.00       5.00
  clock network delay (ideal)                             0.00       5.00
  activation_memory_banks_reg[0][1][0]/CP (DFQD1)         0.00       5.00 r
  library setup time                                     -0.06       4.94
  data required time                                                 4.94
  --------------------------------------------------------------------------
  data required time                                                 4.94
  data arrival time                                                 -3.35
  --------------------------------------------------------------------------
  slack (MET)                                                        1.59


1
