 
****************************************
Report : area
Design : serial_mlp1
Version: J-2014.09
Date   : Mon Dec 23 11:41:50 2019
****************************************

Library(s) Used:

    tcbn90gtc (File: /afs/ict.kth.se/pkg/synopsys/extra_libraries/standard_cell/TSMC/tcbn90g_110a/Front_End/timing_power/tcbn90g_110a/tcbn90gtc.db)

Number of ports:                          179
Number of nets:                         36846
Number of cells:                        36665
Number of combinational cells:          20003
Number of sequential cells:             16661
Number of macros/black boxes:               0
Number of buf/inv:                      11033
Number of references:                      41

Combinational area:             144006.913082
Buf/Inv area:                    25151.615583
Noncombinational area:          358060.154399
Macro/Black Box area:                0.000000
Net Interconnect area:      undefined  (Wire load has zero net area)

Total cell area:                502067.067481
Total area:                 undefined
1
