Information: Updating design information... (UID-85)
Warning: Design 'serial_mlp1' contains 2 high-fanout nets. A fanout number of 1000 will be used for delay calculations involving these nets. (TIM-134)
 
****************************************
Report : timing
        -path full
        -delay max
        -max_paths 1
Design : serial_mlp1
Version: J-2014.09
Date   : Mon Dec 23 11:17:25 2019
****************************************

 # A fanout number of 1000 was used for high fanout net computations.

Operating Conditions: NCCOM   Library: tcbn90gtc
Wire Load Model Mode: top

  Startpoint: data_to_neuron_reg[4][1]
              (rising edge-triggered flip-flop clocked by clk)
  Endpoint: activation_memory_banks_reg[0][2][0]
            (rising edge-triggered flip-flop clocked by clk)
  Path Group: clk
  Path Type: max

  Des/Clust/Port     Wire Load Model       Library
  ------------------------------------------------
  serial_mlp1        TSMC64K_Lowk_Conservative
                                           tcbn90gtc

  Point                                                   Incr       Path
  --------------------------------------------------------------------------
  clock clk (rise edge)                                   0.00       0.00
  clock network delay (ideal)                             0.00       0.00
  data_to_neuron_reg[4][1]/CP (DFQD1)                     0.00 #     0.00 r
  data_to_neuron_reg[4][1]/Q (DFQD1)                      0.11       0.11 r
  NEURON/inputs[4][1] (parallel_neuron_5_8)               0.00       0.11 r
  NEURON/mult_66_G5/b[1] (parallel_neuron_5_8_DW_mult_uns_4)
                                                          0.00       0.11 r
  NEURON/mult_66_G5/U128/ZN (INVD1)                       0.07       0.18 f
  NEURON/mult_66_G5/U158/ZN (NR2D0)                       0.12       0.30 r
  NEURON/mult_66_G5/U15/S (CMPE22D1)                      0.11       0.40 r
  NEURON/mult_66_G5/product[1] (parallel_neuron_5_8_DW_mult_uns_4)
                                                          0.00       0.40 r
  NEURON/add_2_root_add_0_root_add_70_G4/A[1] (parallel_neuron_5_8_DW01_add_3)
                                                          0.00       0.40 r
  NEURON/add_2_root_add_0_root_add_70_G4/U1_1/S (CMPE32D1)
                                                          0.12       0.53 r
  NEURON/add_2_root_add_0_root_add_70_G4/SUM[1] (parallel_neuron_5_8_DW01_add_3)
                                                          0.00       0.53 r
  NEURON/add_1_root_add_0_root_add_70_G4/B[1] (parallel_neuron_5_8_DW01_add_2)
                                                          0.00       0.53 r
  NEURON/add_1_root_add_0_root_add_70_G4/U1_1/S (CMPE32D1)
                                                          0.12       0.65 f
  NEURON/add_1_root_add_0_root_add_70_G4/SUM[1] (parallel_neuron_5_8_DW01_add_2)
                                                          0.00       0.65 f
  NEURON/add_0_root_add_0_root_add_70_G4/B[1] (parallel_neuron_5_8_DW01_add_0)
                                                          0.00       0.65 f
  NEURON/add_0_root_add_0_root_add_70_G4/U7/ZN (OAI211D0)
                                                          0.07       0.72 r
  NEURON/add_0_root_add_0_root_add_70_G4/U6/ZN (IOA21D0)
                                                          0.07       0.79 f
  NEURON/add_0_root_add_0_root_add_70_G4/U5/Z (OA21D0)
                                                          0.08       0.87 f
  NEURON/add_0_root_add_0_root_add_70_G4/U4/ZN (AOI21D0)
                                                          0.12       0.99 r
  NEURON/add_0_root_add_0_root_add_70_G4/U3/ZN (IOA21D0)
                                                          0.08       1.07 r
  NEURON/add_0_root_add_0_root_add_70_G4/U2/ZN (OAI21D0)
                                                          0.06       1.13 f
  NEURON/add_0_root_add_0_root_add_70_G4/U1_4/CO (CMPE32D1)
                                                          0.07       1.20 f
  NEURON/add_0_root_add_0_root_add_70_G4/U1_5/CO (CMPE32D1)
                                                          0.06       1.26 f
  NEURON/add_0_root_add_0_root_add_70_G4/U1_6/CO (CMPE32D1)
                                                          0.06       1.32 f
  NEURON/add_0_root_add_0_root_add_70_G4/U1_7/CO (CMPE32D1)
                                                          0.06       1.39 f
  NEURON/add_0_root_add_0_root_add_70_G4/U1_8/CO (CMPE32D1)
                                                          0.06       1.45 f
  NEURON/add_0_root_add_0_root_add_70_G4/U1_9/CO (CMPE32D1)
                                                          0.06       1.51 f
  NEURON/add_0_root_add_0_root_add_70_G4/U1_10/CO (CMPE32D1)
                                                          0.06       1.57 f
  NEURON/add_0_root_add_0_root_add_70_G4/U1_11/CO (CMPE32D1)
                                                          0.06       1.63 f
  NEURON/add_0_root_add_0_root_add_70_G4/U1_12/CO (CMPE32D1)
                                                          0.06       1.69 f
  NEURON/add_0_root_add_0_root_add_70_G4/U1_13/CO (CMPE32D1)
                                                          0.06       1.75 f
  NEURON/add_0_root_add_0_root_add_70_G4/U1_14/CO (CMPE32D1)
                                                          0.06       1.81 f
  NEURON/add_0_root_add_0_root_add_70_G4/U1_15/Z (XOR3D1)
                                                          0.10       1.91 f
  NEURON/add_0_root_add_0_root_add_70_G4/SUM[15] (parallel_neuron_5_8_DW01_add_0)
                                                          0.00       1.91 f
  NEURON/U10/ZN (NR4D1)                                   0.26       2.17 r
  NEURON/U6/ZN (IND2D0)                                   0.10       2.27 f
  NEURON/activation_ReLU/activ_in[5] (activationReLU_5_3_8)
                                                          0.00       2.27 f
  NEURON/activation_ReLU/U5/Z (OR4D1)                     0.12       2.40 f
  NEURON/activation_ReLU/U3/Z (OA21D1)                    0.11       2.50 f
  NEURON/activation_ReLU/U13/Z (AN2D0)                    0.20       2.71 f
  NEURON/activation_ReLU/activ_out[0] (activationReLU_5_3_8)
                                                          0.00       2.71 f
  NEURON/output[0] (parallel_neuron_5_8)                  0.00       2.71 f
  U21262/ZN (ND2D1)                                       0.12       2.82 r
  U21890/ZN (OAI222D0)                                    0.08       2.91 f
  activation_memory_banks_reg[0][2][0]/D (DFQD1)          0.00       2.91 f
  data arrival time                                                  2.91

  clock clk (rise edge)                                   5.00       5.00
  clock network delay (ideal)                             0.00       5.00
  activation_memory_banks_reg[0][2][0]/CP (DFQD1)         0.00       5.00 r
  library setup time                                     -0.05       4.95
  data required time                                                 4.95
  --------------------------------------------------------------------------
  data required time                                                 4.95
  data arrival time                                                 -2.91
  --------------------------------------------------------------------------
  slack (MET)                                                        2.04


1
